DEBUG - 2025-12-05 14:03:31 --> Session: Class initialized using 'CodeIgniter\Session\Handlers\FileHandler' driver.
DEBUG - 2025-12-05 14:03:39 --> Session: Class initialized using 'CodeIgniter\Session\Handlers\FileHandler' driver.
DEBUG - 2025-12-05 14:03:40 --> Session: Class initialized using 'CodeIgniter\Session\Handlers\FileHandler' driver.
DEBUG - 2025-12-05 14:10:42 --> Session: Class initialized using 'CodeIgniter\Session\Handlers\FileHandler' driver.
DEBUG - 2025-12-05 14:10:52 --> Session: Class initialized using 'CodeIgniter\Session\Handlers\FileHandler' driver.
ERROR - 2025-12-05 14:11:00 --> mysqli_sql_exception: Unknown column 'created_at' in 'field list' in C:\xampp\htdocs\pendaftaran-sanggar\system\Database\MySQLi\Connection.php:327
Stack trace:
#0 C:\xampp\htdocs\pendaftaran-sanggar\system\Database\MySQLi\Connection.php(327): mysqli->query('INSERT INTO `bi...', 0)
#1 C:\xampp\htdocs\pendaftaran-sanggar\system\Database\BaseConnection.php(729): CodeIgniter\Database\MySQLi\Connection->execute('INSERT INTO `bi...')
#2 C:\xampp\htdocs\pendaftaran-sanggar\system\Database\BaseConnection.php(646): CodeIgniter\Database\BaseConnection->simpleQuery('INSERT INTO `bi...')
#3 C:\xampp\htdocs\pendaftaran-sanggar\system\Database\BaseBuilder.php(2345): CodeIgniter\Database\BaseConnection->query('INSERT INTO `bi...', Array, false)
#4 C:\xampp\htdocs\pendaftaran-sanggar\system\Model.php(394): CodeIgniter\Database\BaseBuilder->insert()
#5 C:\xampp\htdocs\pendaftaran-sanggar\system\BaseModel.php(838): CodeIgniter\Model->doInsert(Array)
#6 C:\xampp\htdocs\pendaftaran-sanggar\system\Model.php(797): CodeIgniter\BaseModel->insert(Array, true)
#7 C:\xampp\htdocs\pendaftaran-sanggar\app\Controllers\Admin\BiayaPendaftaran.php(37): CodeIgniter\Model->insert(Array)
#8 C:\xampp\htdocs\pendaftaran-sanggar\system\CodeIgniter.php(933): App\Controllers\Admin\BiayaPendaftaran->index()
#9 C:\xampp\htdocs\pendaftaran-sanggar\system\CodeIgniter.php(507): CodeIgniter\CodeIgniter->runController(Object(App\Controllers\Admin\BiayaPendaftaran))
#10 C:\xampp\htdocs\pendaftaran-sanggar\system\CodeIgniter.php(354): CodeIgniter\CodeIgniter->handleRequest(NULL, Object(Config\Cache), false)
#11 C:\xampp\htdocs\pendaftaran-sanggar\system\Boot.php(363): CodeIgniter\CodeIgniter->run()
#12 C:\xampp\htdocs\pendaftaran-sanggar\system\Boot.php(68): CodeIgniter\Boot::runCodeIgniter(Object(CodeIgniter\CodeIgniter))
#13 C:\xampp\htdocs\pendaftaran-sanggar\public\index.php(59): CodeIgniter\Boot::bootWeb(Object(Config\Paths))
#14 C:\xampp\htdocs\pendaftaran-sanggar\system\rewrite.php(44): require_once('C:\\xampp\\htdocs...')
#15 {main}
CRITICAL - 2025-12-05 14:11:00 --> CodeIgniter\Database\Exceptions\DatabaseException: Unknown column 'created_at' in 'field list'
[Method: GET, Route: admin/biaya]
in SYSTEMPATH\Database\BaseConnection.php on line 684.
 1 SYSTEMPATH\Database\BaseBuilder.php(2345): CodeIgniter\Database\BaseConnection->query('INSERT INTO `biaya_pendaftaran` (`id_biaya`, `jenis_biaya`, `jumlah`, `keterangan`, `created_at`, `updated_at`) VALUES (:id_biaya:, :jenis_biaya:, :jumlah:, :keterangan:, :created_at:, :updated_at:)', [...], false)
 2 SYSTEMPATH\Model.php(394): CodeIgniter\Database\BaseBuilder->insert()
 3 SYSTEMPATH\BaseModel.php(838): CodeIgniter\Model->doInsert([...])
 4 SYSTEMPATH\Model.php(797): CodeIgniter\BaseModel->insert([...], true)
 5 APPPATH\Controllers\Admin\BiayaPendaftaran.php(37): CodeIgniter\Model->insert([...])
 6 SYSTEMPATH\CodeIgniter.php(933): App\Controllers\Admin\BiayaPendaftaran->index()
 7 SYSTEMPATH\CodeIgniter.php(507): CodeIgniter\CodeIgniter->runController(Object(App\Controllers\Admin\BiayaPendaftaran))
 8 SYSTEMPATH\CodeIgniter.php(354): CodeIgniter\CodeIgniter->handleRequest(null, Object(Config\Cache), false)
 9 SYSTEMPATH\Boot.php(363): CodeIgniter\CodeIgniter->run()
10 SYSTEMPATH\Boot.php(68): CodeIgniter\Boot::runCodeIgniter(Object(CodeIgniter\CodeIgniter))
11 FCPATH\index.php(59): CodeIgniter\Boot::bootWeb(Object(Config\Paths))
12 SYSTEMPATH\rewrite.php(44): require_once('C:\\xampp\\htdocs\\pendaftaran-sanggar\\public\\index.php')
CRITICAL - 2025-12-05 14:11:00 --> [Caused by] CodeIgniter\Database\Exceptions\DatabaseException: Unknown column 'created_at' in 'field list'
in SYSTEMPATH\Database\MySQLi\Connection.php on line 332.
 1 SYSTEMPATH\Database\BaseConnection.php(729): CodeIgniter\Database\MySQLi\Connection->execute('INSERT INTO `biaya_pendaftaran` (`id_biaya`, `jenis_biaya`, `jumlah`, `keterangan`, `created_at`, `updated_at`) VALUES (\'BYA001\', \'Pendaftaran\', 0, \'Biaya pendaftaran (dibayar di awal)\', \'2025-12-05 14:11:00\', \'2025-12-05 14:11:00\')')
 2 SYSTEMPATH\Database\BaseConnection.php(646): CodeIgniter\Database\BaseConnection->simpleQuery('INSERT INTO `biaya_pendaftaran` (`id_biaya`, `jenis_biaya`, `jumlah`, `keterangan`, `created_at`, `updated_at`) VALUES (\'BYA001\', \'Pendaftaran\', 0, \'Biaya pendaftaran (dibayar di awal)\', \'2025-12-05 14:11:00\', \'2025-12-05 14:11:00\')')
 3 SYSTEMPATH\Database\BaseBuilder.php(2345): CodeIgniter\Database\BaseConnection->query('INSERT INTO `biaya_pendaftaran` (`id_biaya`, `jenis_biaya`, `jumlah`, `keterangan`, `created_at`, `updated_at`) VALUES (:id_biaya:, :jenis_biaya:, :jumlah:, :keterangan:, :created_at:, :updated_at:)', [...], false)
 4 SYSTEMPATH\Model.php(394): CodeIgniter\Database\BaseBuilder->insert()
 5 SYSTEMPATH\BaseModel.php(838): CodeIgniter\Model->doInsert([...])
 6 SYSTEMPATH\Model.php(797): CodeIgniter\BaseModel->insert([...], true)
 7 APPPATH\Controllers\Admin\BiayaPendaftaran.php(37): CodeIgniter\Model->insert([...])
 8 SYSTEMPATH\CodeIgniter.php(933): App\Controllers\Admin\BiayaPendaftaran->index()
 9 SYSTEMPATH\CodeIgniter.php(507): CodeIgniter\CodeIgniter->runController(Object(App\Controllers\Admin\BiayaPendaftaran))
10 SYSTEMPATH\CodeIgniter.php(354): CodeIgniter\CodeIgniter->handleRequest(null, Object(Config\Cache), false)
11 SYSTEMPATH\Boot.php(363): CodeIgniter\CodeIgniter->run()
12 SYSTEMPATH\Boot.php(68): CodeIgniter\Boot::runCodeIgniter(Object(CodeIgniter\CodeIgniter))
13 FCPATH\index.php(59): CodeIgniter\Boot::bootWeb(Object(Config\Paths))
14 SYSTEMPATH\rewrite.php(44): require_once('C:\\xampp\\htdocs\\pendaftaran-sanggar\\public\\index.php')
CRITICAL - 2025-12-05 14:11:00 --> [Caused by] mysqli_sql_exception: Unknown column 'created_at' in 'field list'
in SYSTEMPATH\Database\MySQLi\Connection.php on line 327.
 1 SYSTEMPATH\Database\MySQLi\Connection.php(327): mysqli->query('INSERT INTO `biaya_pendaftaran` (`id_biaya`, `jenis_biaya`, `jumlah`, `keterangan`, `created_at`, `updated_at`) VALUES (\'BYA001\', \'Pendaftaran\', 0, \'Biaya pendaftaran (dibayar di awal)\', \'2025-12-05 14:11:00\', \'2025-12-05 14:11:00\')', 0)
 2 SYSTEMPATH\Database\BaseConnection.php(729): CodeIgniter\Database\MySQLi\Connection->execute('INSERT INTO `biaya_pendaftaran` (`id_biaya`, `jenis_biaya`, `jumlah`, `keterangan`, `created_at`, `updated_at`) VALUES (\'BYA001\', \'Pendaftaran\', 0, \'Biaya pendaftaran (dibayar di awal)\', \'2025-12-05 14:11:00\', \'2025-12-05 14:11:00\')')
 3 SYSTEMPATH\Database\BaseConnection.php(646): CodeIgniter\Database\BaseConnection->simpleQuery('INSERT INTO `biaya_pendaftaran` (`id_biaya`, `jenis_biaya`, `jumlah`, `keterangan`, `created_at`, `updated_at`) VALUES (\'BYA001\', \'Pendaftaran\', 0, \'Biaya pendaftaran (dibayar di awal)\', \'2025-12-05 14:11:00\', \'2025-12-05 14:11:00\')')
 4 SYSTEMPATH\Database\BaseBuilder.php(2345): CodeIgniter\Database\BaseConnection->query('INSERT INTO `biaya_pendaftaran` (`id_biaya`, `jenis_biaya`, `jumlah`, `keterangan`, `created_at`, `updated_at`) VALUES (:id_biaya:, :jenis_biaya:, :jumlah:, :keterangan:, :created_at:, :updated_at:)', [...], false)
 5 SYSTEMPATH\Model.php(394): CodeIgniter\Database\BaseBuilder->insert()
 6 SYSTEMPATH\BaseModel.php(838): CodeIgniter\Model->doInsert([...])
 7 SYSTEMPATH\Model.php(797): CodeIgniter\BaseModel->insert([...], true)
 8 APPPATH\Controllers\Admin\BiayaPendaftaran.php(37): CodeIgniter\Model->insert([...])
 9 SYSTEMPATH\CodeIgniter.php(933): App\Controllers\Admin\BiayaPendaftaran->index()
10 SYSTEMPATH\CodeIgniter.php(507): CodeIgniter\CodeIgniter->runController(Object(App\Controllers\Admin\BiayaPendaftaran))
11 SYSTEMPATH\CodeIgniter.php(354): CodeIgniter\CodeIgniter->handleRequest(null, Object(Config\Cache), false)
12 SYSTEMPATH\Boot.php(363): CodeIgniter\CodeIgniter->run()
13 SYSTEMPATH\Boot.php(68): CodeIgniter\Boot::runCodeIgniter(Object(CodeIgniter\CodeIgniter))
14 FCPATH\index.php(59): CodeIgniter\Boot::bootWeb(Object(Config\Paths))
15 SYSTEMPATH\rewrite.php(44): require_once('C:\\xampp\\htdocs\\pendaftaran-sanggar\\public\\index.php')
DEBUG - 2025-12-05 14:13:23 --> Session: Class initialized using 'CodeIgniter\Session\Handlers\FileHandler' driver.
DEBUG - 2025-12-05 14:13:30 --> Session: Class initialized using 'CodeIgniter\Session\Handlers\FileHandler' driver.
DEBUG - 2025-12-05 14:18:33 --> Session: Class initialized using 'CodeIgniter\Session\Handlers\FileHandler' driver.
DEBUG - 2025-12-05 14:18:37 --> Session: Class initialized using 'CodeIgniter\Session\Handlers\FileHandler' driver.
DEBUG - 2025-12-05 14:19:58 --> Session: Class initialized using 'CodeIgniter\Session\Handlers\FileHandler' driver.
DEBUG - 2025-12-05 14:20:00 --> Session: Class initialized using 'CodeIgniter\Session\Handlers\FileHandler' driver.
DEBUG - 2025-12-05 14:20:09 --> Session: Class initialized using 'CodeIgniter\Session\Handlers\FileHandler' driver.
DEBUG - 2025-12-05 14:20:13 --> Session: Class initialized using 'CodeIgniter\Session\Handlers\FileHandler' driver.
DEBUG - 2025-12-05 14:20:15 --> Session: Class initialized using 'CodeIgniter\Session\Handlers\FileHandler' driver.
DEBUG - 2025-12-05 14:20:34 --> Session: Class initialized using 'CodeIgniter\Session\Handlers\FileHandler' driver.
DEBUG - 2025-12-05 14:20:50 --> Session: Class initialized using 'CodeIgniter\Session\Handlers\FileHandler' driver.
DEBUG - 2025-12-05 14:20:52 --> Session: Class initialized using 'CodeIgniter\Session\Handlers\FileHandler' driver.
DEBUG - 2025-12-05 14:21:03 --> Session: Class initialized using 'CodeIgniter\Session\Handlers\FileHandler' driver.
DEBUG - 2025-12-05 14:21:03 --> Session: Class initialized using 'CodeIgniter\Session\Handlers\FileHandler' driver.
DEBUG - 2025-12-05 14:21:07 --> Session: Class initialized using 'CodeIgniter\Session\Handlers\FileHandler' driver.
DEBUG - 2025-12-05 14:23:33 --> Session: Class initialized using 'CodeIgniter\Session\Handlers\FileHandler' driver.
DEBUG - 2025-12-05 14:23:42 --> Session: Class initialized using 'CodeIgniter\Session\Handlers\FileHandler' driver.
DEBUG - 2025-12-05 14:23:42 --> Session: Class initialized using 'CodeIgniter\Session\Handlers\FileHandler' driver.
DEBUG - 2025-12-05 14:29:46 --> Session: Class initialized using 'CodeIgniter\Session\Handlers\FileHandler' driver.
DEBUG - 2025-12-05 14:30:01 --> Session: Class initialized using 'CodeIgniter\Session\Handlers\FileHandler' driver.
DEBUG - 2025-12-05 14:30:07 --> Session: Class initialized using 'CodeIgniter\Session\Handlers\FileHandler' driver.
DEBUG - 2025-12-05 14:30:09 --> Session: Class initialized using 'CodeIgniter\Session\Handlers\FileHandler' driver.
DEBUG - 2025-12-05 14:30:21 --> Session: Class initialized using 'CodeIgniter\Session\Handlers\FileHandler' driver.
DEBUG - 2025-12-05 14:30:21 --> Session: Class initialized using 'CodeIgniter\Session\Handlers\FileHandler' driver.
DEBUG - 2025-12-05 14:35:11 --> Session: Class initialized using 'CodeIgniter\Session\Handlers\FileHandler' driver.
DEBUG - 2025-12-05 14:35:13 --> Session: Class initialized using 'CodeIgniter\Session\Handlers\FileHandler' driver.
DEBUG - 2025-12-05 14:35:32 --> Session: Class initialized using 'CodeIgniter\Session\Handlers\FileHandler' driver.
DEBUG - 2025-12-05 14:35:35 --> Session: Class initialized using 'CodeIgniter\Session\Handlers\FileHandler' driver.
DEBUG - 2025-12-05 14:35:37 --> Session: Class initialized using 'CodeIgniter\Session\Handlers\FileHandler' driver.
DEBUG - 2025-12-05 14:35:50 --> Session: Class initialized using 'CodeIgniter\Session\Handlers\FileHandler' driver.
DEBUG - 2025-12-05 14:35:51 --> Session: Class initialized using 'CodeIgniter\Session\Handlers\FileHandler' driver.
DEBUG - 2025-12-05 14:39:58 --> Session: Class initialized using 'CodeIgniter\Session\Handlers\FileHandler' driver.
DEBUG - 2025-12-05 14:40:04 --> Session: Class initialized using 'CodeIgniter\Session\Handlers\FileHandler' driver.
DEBUG - 2025-12-05 14:40:06 --> Session: Class initialized using 'CodeIgniter\Session\Handlers\FileHandler' driver.
DEBUG - 2025-12-05 14:40:18 --> Session: Class initialized using 'CodeIgniter\Session\Handlers\FileHandler' driver.
DEBUG - 2025-12-05 14:40:18 --> Session: Class initialized using 'CodeIgniter\Session\Handlers\FileHandler' driver.
DEBUG - 2025-12-05 14:40:27 --> Session: Class initialized using 'CodeIgniter\Session\Handlers\FileHandler' driver.
DEBUG - 2025-12-05 14:40:52 --> Session: Class initialized using 'CodeIgniter\Session\Handlers\FileHandler' driver.
DEBUG - 2025-12-05 14:41:12 --> Session: Class initialized using 'CodeIgniter\Session\Handlers\FileHandler' driver.
DEBUG - 2025-12-05 14:41:24 --> Session: Class initialized using 'CodeIgniter\Session\Handlers\FileHandler' driver.
DEBUG - 2025-12-05 14:41:33 --> Session: Class initialized using 'CodeIgniter\Session\Handlers\FileHandler' driver.
DEBUG - 2025-12-05 14:41:36 --> Session: Class initialized using 'CodeIgniter\Session\Handlers\FileHandler' driver.
DEBUG - 2025-12-05 14:48:04 --> Session: Class initialized using 'CodeIgniter\Session\Handlers\FileHandler' driver.
DEBUG - 2025-12-05 14:48:08 --> Session: Class initialized using 'CodeIgniter\Session\Handlers\FileHandler' driver.
DEBUG - 2025-12-05 14:48:19 --> Session: Class initialized using 'CodeIgniter\Session\Handlers\FileHandler' driver.
DEBUG - 2025-12-05 14:48:19 --> Session: Class initialized using 'CodeIgniter\Session\Handlers\FileHandler' driver.
DEBUG - 2025-12-05 14:48:26 --> Session: Class initialized using 'CodeIgniter\Session\Handlers\FileHandler' driver.
DEBUG - 2025-12-05 14:48:26 --> Session: Class initialized using 'CodeIgniter\Session\Handlers\FileHandler' driver.
DEBUG - 2025-12-05 15:05:00 --> Session: Class initialized using 'CodeIgniter\Session\Handlers\FileHandler' driver.
DEBUG - 2025-12-05 15:05:07 --> Session: Class initialized using 'CodeIgniter\Session\Handlers\FileHandler' driver.
DEBUG - 2025-12-05 15:05:10 --> Session: Class initialized using 'CodeIgniter\Session\Handlers\FileHandler' driver.
DEBUG - 2025-12-05 15:05:16 --> Session: Class initialized using 'CodeIgniter\Session\Handlers\FileHandler' driver.
DEBUG - 2025-12-05 15:15:03 --> Session: Class initialized using 'CodeIgniter\Session\Handlers\FileHandler' driver.
DEBUG - 2025-12-05 15:15:06 --> Session: Class initialized using 'CodeIgniter\Session\Handlers\FileHandler' driver.
DEBUG - 2025-12-05 15:15:21 --> Session: Class initialized using 'CodeIgniter\Session\Handlers\FileHandler' driver.
DEBUG - 2025-12-05 15:15:21 --> Session: Class initialized using 'CodeIgniter\Session\Handlers\FileHandler' driver.
DEBUG - 2025-12-05 15:16:14 --> Session: Class initialized using 'CodeIgniter\Session\Handlers\FileHandler' driver.
DEBUG - 2025-12-05 15:16:17 --> Session: Class initialized using 'CodeIgniter\Session\Handlers\FileHandler' driver.
ERROR - 2025-12-05 15:16:28 --> mysqli_sql_exception: Unknown column 'created_at' in 'field list' in C:\xampp\htdocs\pendaftaran-sanggar\system\Database\MySQLi\Connection.php:327
Stack trace:
#0 C:\xampp\htdocs\pendaftaran-sanggar\system\Database\MySQLi\Connection.php(327): mysqli->query('INSERT INTO `ja...', 0)
#1 C:\xampp\htdocs\pendaftaran-sanggar\system\Database\BaseConnection.php(729): CodeIgniter\Database\MySQLi\Connection->execute('INSERT INTO `ja...')
#2 C:\xampp\htdocs\pendaftaran-sanggar\system\Database\BaseConnection.php(646): CodeIgniter\Database\BaseConnection->simpleQuery('INSERT INTO `ja...')
#3 C:\xampp\htdocs\pendaftaran-sanggar\system\Database\BaseBuilder.php(2345): CodeIgniter\Database\BaseConnection->query('INSERT INTO `ja...', Array, false)
#4 C:\xampp\htdocs\pendaftaran-sanggar\system\Model.php(394): CodeIgniter\Database\BaseBuilder->insert()
#5 C:\xampp\htdocs\pendaftaran-sanggar\system\BaseModel.php(838): CodeIgniter\Model->doInsert(Array)
#6 C:\xampp\htdocs\pendaftaran-sanggar\system\Model.php(797): CodeIgniter\BaseModel->insert(Array, true)
#7 C:\xampp\htdocs\pendaftaran-sanggar\app\Controllers\Admin\JadwalKelas.php(71): CodeIgniter\Model->insert(Array)
#8 C:\xampp\htdocs\pendaftaran-sanggar\system\CodeIgniter.php(933): App\Controllers\Admin\JadwalKelas->store()
#9 C:\xampp\htdocs\pendaftaran-sanggar\system\CodeIgniter.php(507): CodeIgniter\CodeIgniter->runController(Object(App\Controllers\Admin\JadwalKelas))
#10 C:\xampp\htdocs\pendaftaran-sanggar\system\CodeIgniter.php(354): CodeIgniter\CodeIgniter->handleRequest(NULL, Object(Config\Cache), false)
#11 C:\xampp\htdocs\pendaftaran-sanggar\system\Boot.php(363): CodeIgniter\CodeIgniter->run()
#12 C:\xampp\htdocs\pendaftaran-sanggar\system\Boot.php(68): CodeIgniter\Boot::runCodeIgniter(Object(CodeIgniter\CodeIgniter))
#13 C:\xampp\htdocs\pendaftaran-sanggar\public\index.php(59): CodeIgniter\Boot::bootWeb(Object(Config\Paths))
#14 C:\xampp\htdocs\pendaftaran-sanggar\system\rewrite.php(44): require_once('C:\\xampp\\htdocs...')
#15 {main}
CRITICAL - 2025-12-05 15:16:28 --> CodeIgniter\Database\Exceptions\DatabaseException: Unknown column 'created_at' in 'field list'
[Method: POST, Route: admin/jadwal-sanggar/store]
in SYSTEMPATH\Database\BaseConnection.php on line 684.
 1 SYSTEMPATH\Database\BaseBuilder.php(2345): CodeIgniter\Database\BaseConnection->query('INSERT INTO `jadwal_kelas` (`id_jadwal`, `id_kelas`, `hari`, `waktu`, `tipe_sesi`, `created_at`, `updated_at`) VALUES (:id_jadwal:, :id_kelas:, :hari:, :waktu:, :tipe_sesi:, :created_at:, :updated_at:)', [...], false)
 2 SYSTEMPATH\Model.php(394): CodeIgniter\Database\BaseBuilder->insert()
 3 SYSTEMPATH\BaseModel.php(838): CodeIgniter\Model->doInsert([...])
 4 SYSTEMPATH\Model.php(797): CodeIgniter\BaseModel->insert([...], true)
 5 APPPATH\Controllers\Admin\JadwalKelas.php(71): CodeIgniter\Model->insert([...])
 6 SYSTEMPATH\CodeIgniter.php(933): App\Controllers\Admin\JadwalKelas->store()
 7 SYSTEMPATH\CodeIgniter.php(507): CodeIgniter\CodeIgniter->runController(Object(App\Controllers\Admin\JadwalKelas))
 8 SYSTEMPATH\CodeIgniter.php(354): CodeIgniter\CodeIgniter->handleRequest(null, Object(Config\Cache), false)
 9 SYSTEMPATH\Boot.php(363): CodeIgniter\CodeIgniter->run()
10 SYSTEMPATH\Boot.php(68): CodeIgniter\Boot::runCodeIgniter(Object(CodeIgniter\CodeIgniter))
11 FCPATH\index.php(59): CodeIgniter\Boot::bootWeb(Object(Config\Paths))
12 SYSTEMPATH\rewrite.php(44): require_once('C:\\xampp\\htdocs\\pendaftaran-sanggar\\public\\index.php')
CRITICAL - 2025-12-05 15:16:28 --> [Caused by] CodeIgniter\Database\Exceptions\DatabaseException: Unknown column 'created_at' in 'field list'
in SYSTEMPATH\Database\MySQLi\Connection.php on line 332.
 1 SYSTEMPATH\Database\BaseConnection.php(729): CodeIgniter\Database\MySQLi\Connection->execute('INSERT INTO `jadwal_kelas` (`id_jadwal`, `id_kelas`, `hari`, `waktu`, `tipe_sesi`, `created_at`, `updated_at`) VALUES (\'JK001\', \'KA001\', \'Senin & Jumat\', \'14.00 - 15.30\', \'reguler\', \'2025-12-05 15:16:28\', \'2025-12-05 15:16:28\')')
 2 SYSTEMPATH\Database\BaseConnection.php(646): CodeIgniter\Database\BaseConnection->simpleQuery('INSERT INTO `jadwal_kelas` (`id_jadwal`, `id_kelas`, `hari`, `waktu`, `tipe_sesi`, `created_at`, `updated_at`) VALUES (\'JK001\', \'KA001\', \'Senin & Jumat\', \'14.00 - 15.30\', \'reguler\', \'2025-12-05 15:16:28\', \'2025-12-05 15:16:28\')')
 3 SYSTEMPATH\Database\BaseBuilder.php(2345): CodeIgniter\Database\BaseConnection->query('INSERT INTO `jadwal_kelas` (`id_jadwal`, `id_kelas`, `hari`, `waktu`, `tipe_sesi`, `created_at`, `updated_at`) VALUES (:id_jadwal:, :id_kelas:, :hari:, :waktu:, :tipe_sesi:, :created_at:, :updated_at:)', [...], false)
 4 SYSTEMPATH\Model.php(394): CodeIgniter\Database\BaseBuilder->insert()
 5 SYSTEMPATH\BaseModel.php(838): CodeIgniter\Model->doInsert([...])
 6 SYSTEMPATH\Model.php(797): CodeIgniter\BaseModel->insert([...], true)
 7 APPPATH\Controllers\Admin\JadwalKelas.php(71): CodeIgniter\Model->insert([...])
 8 SYSTEMPATH\CodeIgniter.php(933): App\Controllers\Admin\JadwalKelas->store()
 9 SYSTEMPATH\CodeIgniter.php(507): CodeIgniter\CodeIgniter->runController(Object(App\Controllers\Admin\JadwalKelas))
10 SYSTEMPATH\CodeIgniter.php(354): CodeIgniter\CodeIgniter->handleRequest(null, Object(Config\Cache), false)
11 SYSTEMPATH\Boot.php(363): CodeIgniter\CodeIgniter->run()
12 SYSTEMPATH\Boot.php(68): CodeIgniter\Boot::runCodeIgniter(Object(CodeIgniter\CodeIgniter))
13 FCPATH\index.php(59): CodeIgniter\Boot::bootWeb(Object(Config\Paths))
14 SYSTEMPATH\rewrite.php(44): require_once('C:\\xampp\\htdocs\\pendaftaran-sanggar\\public\\index.php')
CRITICAL - 2025-12-05 15:16:28 --> [Caused by] mysqli_sql_exception: Unknown column 'created_at' in 'field list'
in SYSTEMPATH\Database\MySQLi\Connection.php on line 327.
 1 SYSTEMPATH\Database\MySQLi\Connection.php(327): mysqli->query('INSERT INTO `jadwal_kelas` (`id_jadwal`, `id_kelas`, `hari`, `waktu`, `tipe_sesi`, `created_at`, `updated_at`) VALUES (\'JK001\', \'KA001\', \'Senin & Jumat\', \'14.00 - 15.30\', \'reguler\', \'2025-12-05 15:16:28\', \'2025-12-05 15:16:28\')', 0)
 2 SYSTEMPATH\Database\BaseConnection.php(729): CodeIgniter\Database\MySQLi\Connection->execute('INSERT INTO `jadwal_kelas` (`id_jadwal`, `id_kelas`, `hari`, `waktu`, `tipe_sesi`, `created_at`, `updated_at`) VALUES (\'JK001\', \'KA001\', \'Senin & Jumat\', \'14.00 - 15.30\', \'reguler\', \'2025-12-05 15:16:28\', \'2025-12-05 15:16:28\')')
 3 SYSTEMPATH\Database\BaseConnection.php(646): CodeIgniter\Database\BaseConnection->simpleQuery('INSERT INTO `jadwal_kelas` (`id_jadwal`, `id_kelas`, `hari`, `waktu`, `tipe_sesi`, `created_at`, `updated_at`) VALUES (\'JK001\', \'KA001\', \'Senin & Jumat\', \'14.00 - 15.30\', \'reguler\', \'2025-12-05 15:16:28\', \'2025-12-05 15:16:28\')')
 4 SYSTEMPATH\Database\BaseBuilder.php(2345): CodeIgniter\Database\BaseConnection->query('INSERT INTO `jadwal_kelas` (`id_jadwal`, `id_kelas`, `hari`, `waktu`, `tipe_sesi`, `created_at`, `updated_at`) VALUES (:id_jadwal:, :id_kelas:, :hari:, :waktu:, :tipe_sesi:, :created_at:, :updated_at:)', [...], false)
 5 SYSTEMPATH\Model.php(394): CodeIgniter\Database\BaseBuilder->insert()
 6 SYSTEMPATH\BaseModel.php(838): CodeIgniter\Model->doInsert([...])
 7 SYSTEMPATH\Model.php(797): CodeIgniter\BaseModel->insert([...], true)
 8 APPPATH\Controllers\Admin\JadwalKelas.php(71): CodeIgniter\Model->insert([...])
 9 SYSTEMPATH\CodeIgniter.php(933): App\Controllers\Admin\JadwalKelas->store()
10 SYSTEMPATH\CodeIgniter.php(507): CodeIgniter\CodeIgniter->runController(Object(App\Controllers\Admin\JadwalKelas))
11 SYSTEMPATH\CodeIgniter.php(354): CodeIgniter\CodeIgniter->handleRequest(null, Object(Config\Cache), false)
12 SYSTEMPATH\Boot.php(363): CodeIgniter\CodeIgniter->run()
13 SYSTEMPATH\Boot.php(68): CodeIgniter\Boot::runCodeIgniter(Object(CodeIgniter\CodeIgniter))
14 FCPATH\index.php(59): CodeIgniter\Boot::bootWeb(Object(Config\Paths))
15 SYSTEMPATH\rewrite.php(44): require_once('C:\\xampp\\htdocs\\pendaftaran-sanggar\\public\\index.php')
DEBUG - 2025-12-05 15:18:36 --> Session: Class initialized using 'CodeIgniter\Session\Handlers\FileHandler' driver.
DEBUG - 2025-12-05 15:18:36 --> Session: Class initialized using 'CodeIgniter\Session\Handlers\FileHandler' driver.
ERROR - 2025-12-05 15:18:49 --> mysqli_sql_exception: Duplicate entry '0' for key 'PRIMARY' in C:\xampp\htdocs\pendaftaran-sanggar\system\Database\MySQLi\Connection.php:327
Stack trace:
#0 C:\xampp\htdocs\pendaftaran-sanggar\system\Database\MySQLi\Connection.php(327): mysqli->query('INSERT INTO `bi...', 0)
#1 C:\xampp\htdocs\pendaftaran-sanggar\system\Database\BaseConnection.php(729): CodeIgniter\Database\MySQLi\Connection->execute('INSERT INTO `bi...')
#2 C:\xampp\htdocs\pendaftaran-sanggar\system\Database\BaseConnection.php(646): CodeIgniter\Database\BaseConnection->simpleQuery('INSERT INTO `bi...')
#3 C:\xampp\htdocs\pendaftaran-sanggar\system\Database\BaseBuilder.php(2345): CodeIgniter\Database\BaseConnection->query('INSERT INTO `bi...', Array, false)
#4 C:\xampp\htdocs\pendaftaran-sanggar\system\Model.php(394): CodeIgniter\Database\BaseBuilder->insert()
#5 C:\xampp\htdocs\pendaftaran-sanggar\system\BaseModel.php(838): CodeIgniter\Model->doInsert(Array)
#6 C:\xampp\htdocs\pendaftaran-sanggar\system\Model.php(797): CodeIgniter\BaseModel->insert(Array, true)
#7 C:\xampp\htdocs\pendaftaran-sanggar\app\Controllers\Admin\BiayaPendaftaran.php(46): CodeIgniter\Model->insert(Array)
#8 C:\xampp\htdocs\pendaftaran-sanggar\system\CodeIgniter.php(933): App\Controllers\Admin\BiayaPendaftaran->index()
#9 C:\xampp\htdocs\pendaftaran-sanggar\system\CodeIgniter.php(507): CodeIgniter\CodeIgniter->runController(Object(App\Controllers\Admin\BiayaPendaftaran))
#10 C:\xampp\htdocs\pendaftaran-sanggar\system\CodeIgniter.php(354): CodeIgniter\CodeIgniter->handleRequest(NULL, Object(Config\Cache), false)
#11 C:\xampp\htdocs\pendaftaran-sanggar\system\Boot.php(363): CodeIgniter\CodeIgniter->run()
#12 C:\xampp\htdocs\pendaftaran-sanggar\system\Boot.php(68): CodeIgniter\Boot::runCodeIgniter(Object(CodeIgniter\CodeIgniter))
#13 C:\xampp\htdocs\pendaftaran-sanggar\public\index.php(59): CodeIgniter\Boot::bootWeb(Object(Config\Paths))
#14 C:\xampp\htdocs\pendaftaran-sanggar\system\rewrite.php(44): require_once('C:\\xampp\\htdocs...')
#15 {main}
CRITICAL - 2025-12-05 15:18:49 --> CodeIgniter\Database\Exceptions\DatabaseException: Duplicate entry '0' for key 'PRIMARY'
[Method: GET, Route: admin/biaya]
in SYSTEMPATH\Database\BaseConnection.php on line 684.
 1 SYSTEMPATH\Database\BaseBuilder.php(2345): CodeIgniter\Database\BaseConnection->query('INSERT INTO `biaya_pendaftaran` (`id_biaya`, `jenis_biaya`, `jumlah`, `keterangan`, `created_at`, `updated_at`) VALUES (:id_biaya:, :jenis_biaya:, :jumlah:, :keterangan:, :created_at:, :updated_at:)', [...], false)
 2 SYSTEMPATH\Model.php(394): CodeIgniter\Database\BaseBuilder->insert()
 3 SYSTEMPATH\BaseModel.php(838): CodeIgniter\Model->doInsert([...])
 4 SYSTEMPATH\Model.php(797): CodeIgniter\BaseModel->insert([...], true)
 5 APPPATH\Controllers\Admin\BiayaPendaftaran.php(46): CodeIgniter\Model->insert([...])
 6 SYSTEMPATH\CodeIgniter.php(933): App\Controllers\Admin\BiayaPendaftaran->index()
 7 SYSTEMPATH\CodeIgniter.php(507): CodeIgniter\CodeIgniter->runController(Object(App\Controllers\Admin\BiayaPendaftaran))
 8 SYSTEMPATH\CodeIgniter.php(354): CodeIgniter\CodeIgniter->handleRequest(null, Object(Config\Cache), false)
 9 SYSTEMPATH\Boot.php(363): CodeIgniter\CodeIgniter->run()
10 SYSTEMPATH\Boot.php(68): CodeIgniter\Boot::runCodeIgniter(Object(CodeIgniter\CodeIgniter))
11 FCPATH\index.php(59): CodeIgniter\Boot::bootWeb(Object(Config\Paths))
12 SYSTEMPATH\rewrite.php(44): require_once('C:\\xampp\\htdocs\\pendaftaran-sanggar\\public\\index.php')
CRITICAL - 2025-12-05 15:18:49 --> [Caused by] CodeIgniter\Database\Exceptions\DatabaseException: Duplicate entry '0' for key 'PRIMARY'
in SYSTEMPATH\Database\MySQLi\Connection.php on line 332.
 1 SYSTEMPATH\Database\BaseConnection.php(729): CodeIgniter\Database\MySQLi\Connection->execute('INSERT INTO `biaya_pendaftaran` (`id_biaya`, `jenis_biaya`, `jumlah`, `keterangan`, `created_at`, `updated_at`) VALUES (\'BYA002\', \'Iuran Bulanan\', 0, \'Biaya iuran bulanan\', \'2025-12-05 15:18:49\', \'2025-12-05 15:18:49\')')
 2 SYSTEMPATH\Database\BaseConnection.php(646): CodeIgniter\Database\BaseConnection->simpleQuery('INSERT INTO `biaya_pendaftaran` (`id_biaya`, `jenis_biaya`, `jumlah`, `keterangan`, `created_at`, `updated_at`) VALUES (\'BYA002\', \'Iuran Bulanan\', 0, \'Biaya iuran bulanan\', \'2025-12-05 15:18:49\', \'2025-12-05 15:18:49\')')
 3 SYSTEMPATH\Database\BaseBuilder.php(2345): CodeIgniter\Database\BaseConnection->query('INSERT INTO `biaya_pendaftaran` (`id_biaya`, `jenis_biaya`, `jumlah`, `keterangan`, `created_at`, `updated_at`) VALUES (:id_biaya:, :jenis_biaya:, :jumlah:, :keterangan:, :created_at:, :updated_at:)', [...], false)
 4 SYSTEMPATH\Model.php(394): CodeIgniter\Database\BaseBuilder->insert()
 5 SYSTEMPATH\BaseModel.php(838): CodeIgniter\Model->doInsert([...])
 6 SYSTEMPATH\Model.php(797): CodeIgniter\BaseModel->insert([...], true)
 7 APPPATH\Controllers\Admin\BiayaPendaftaran.php(46): CodeIgniter\Model->insert([...])
 8 SYSTEMPATH\CodeIgniter.php(933): App\Controllers\Admin\BiayaPendaftaran->index()
 9 SYSTEMPATH\CodeIgniter.php(507): CodeIgniter\CodeIgniter->runController(Object(App\Controllers\Admin\BiayaPendaftaran))
10 SYSTEMPATH\CodeIgniter.php(354): CodeIgniter\CodeIgniter->handleRequest(null, Object(Config\Cache), false)
11 SYSTEMPATH\Boot.php(363): CodeIgniter\CodeIgniter->run()
12 SYSTEMPATH\Boot.php(68): CodeIgniter\Boot::runCodeIgniter(Object(CodeIgniter\CodeIgniter))
13 FCPATH\index.php(59): CodeIgniter\Boot::bootWeb(Object(Config\Paths))
14 SYSTEMPATH\rewrite.php(44): require_once('C:\\xampp\\htdocs\\pendaftaran-sanggar\\public\\index.php')
CRITICAL - 2025-12-05 15:18:49 --> [Caused by] mysqli_sql_exception: Duplicate entry '0' for key 'PRIMARY'
in SYSTEMPATH\Database\MySQLi\Connection.php on line 327.
 1 SYSTEMPATH\Database\MySQLi\Connection.php(327): mysqli->query('INSERT INTO `biaya_pendaftaran` (`id_biaya`, `jenis_biaya`, `jumlah`, `keterangan`, `created_at`, `updated_at`) VALUES (\'BYA002\', \'Iuran Bulanan\', 0, \'Biaya iuran bulanan\', \'2025-12-05 15:18:49\', \'2025-12-05 15:18:49\')', 0)
 2 SYSTEMPATH\Database\BaseConnection.php(729): CodeIgniter\Database\MySQLi\Connection->execute('INSERT INTO `biaya_pendaftaran` (`id_biaya`, `jenis_biaya`, `jumlah`, `keterangan`, `created_at`, `updated_at`) VALUES (\'BYA002\', \'Iuran Bulanan\', 0, \'Biaya iuran bulanan\', \'2025-12-05 15:18:49\', \'2025-12-05 15:18:49\')')
 3 SYSTEMPATH\Database\BaseConnection.php(646): CodeIgniter\Database\BaseConnection->simpleQuery('INSERT INTO `biaya_pendaftaran` (`id_biaya`, `jenis_biaya`, `jumlah`, `keterangan`, `created_at`, `updated_at`) VALUES (\'BYA002\', \'Iuran Bulanan\', 0, \'Biaya iuran bulanan\', \'2025-12-05 15:18:49\', \'2025-12-05 15:18:49\')')
 4 SYSTEMPATH\Database\BaseBuilder.php(2345): CodeIgniter\Database\BaseConnection->query('INSERT INTO `biaya_pendaftaran` (`id_biaya`, `jenis_biaya`, `jumlah`, `keterangan`, `created_at`, `updated_at`) VALUES (:id_biaya:, :jenis_biaya:, :jumlah:, :keterangan:, :created_at:, :updated_at:)', [...], false)
 5 SYSTEMPATH\Model.php(394): CodeIgniter\Database\BaseBuilder->insert()
 6 SYSTEMPATH\BaseModel.php(838): CodeIgniter\Model->doInsert([...])
 7 SYSTEMPATH\Model.php(797): CodeIgniter\BaseModel->insert([...], true)
 8 APPPATH\Controllers\Admin\BiayaPendaftaran.php(46): CodeIgniter\Model->insert([...])
 9 SYSTEMPATH\CodeIgniter.php(933): App\Controllers\Admin\BiayaPendaftaran->index()
10 SYSTEMPATH\CodeIgniter.php(507): CodeIgniter\CodeIgniter->runController(Object(App\Controllers\Admin\BiayaPendaftaran))
11 SYSTEMPATH\CodeIgniter.php(354): CodeIgniter\CodeIgniter->handleRequest(null, Object(Config\Cache), false)
12 SYSTEMPATH\Boot.php(363): CodeIgniter\CodeIgniter->run()
13 SYSTEMPATH\Boot.php(68): CodeIgniter\Boot::runCodeIgniter(Object(CodeIgniter\CodeIgniter))
14 FCPATH\index.php(59): CodeIgniter\Boot::bootWeb(Object(Config\Paths))
15 SYSTEMPATH\rewrite.php(44): require_once('C:\\xampp\\htdocs\\pendaftaran-sanggar\\public\\index.php')
DEBUG - 2025-12-05 15:25:42 --> Session: Class initialized using 'CodeIgniter\Session\Handlers\FileHandler' driver.
ERROR - 2025-12-05 15:28:05 --> mysqli_sql_exception: Duplicate entry '0' for key 'PRIMARY' in C:\xampp\htdocs\pendaftaran-sanggar\system\Database\MySQLi\Connection.php:327
Stack trace:
#0 C:\xampp\htdocs\pendaftaran-sanggar\system\Database\MySQLi\Connection.php(327): mysqli->query('INSERT INTO `bi...', 0)
#1 C:\xampp\htdocs\pendaftaran-sanggar\system\Database\BaseConnection.php(729): CodeIgniter\Database\MySQLi\Connection->execute('INSERT INTO `bi...')
#2 C:\xampp\htdocs\pendaftaran-sanggar\system\Database\BaseConnection.php(646): CodeIgniter\Database\BaseConnection->simpleQuery('INSERT INTO `bi...')
#3 C:\xampp\htdocs\pendaftaran-sanggar\system\Database\BaseBuilder.php(2345): CodeIgniter\Database\BaseConnection->query('INSERT INTO `bi...', Array, false)
#4 C:\xampp\htdocs\pendaftaran-sanggar\system\Model.php(394): CodeIgniter\Database\BaseBuilder->insert()
#5 C:\xampp\htdocs\pendaftaran-sanggar\system\BaseModel.php(838): CodeIgniter\Model->doInsert(Array)
#6 C:\xampp\htdocs\pendaftaran-sanggar\system\Model.php(797): CodeIgniter\BaseModel->insert(Array, true)
#7 C:\xampp\htdocs\pendaftaran-sanggar\app\Controllers\Admin\BiayaPendaftaran.php(46): CodeIgniter\Model->insert(Array)
#8 C:\xampp\htdocs\pendaftaran-sanggar\system\CodeIgniter.php(933): App\Controllers\Admin\BiayaPendaftaran->index()
#9 C:\xampp\htdocs\pendaftaran-sanggar\system\CodeIgniter.php(507): CodeIgniter\CodeIgniter->runController(Object(App\Controllers\Admin\BiayaPendaftaran))
#10 C:\xampp\htdocs\pendaftaran-sanggar\system\CodeIgniter.php(354): CodeIgniter\CodeIgniter->handleRequest(NULL, Object(Config\Cache), false)
#11 C:\xampp\htdocs\pendaftaran-sanggar\system\Boot.php(363): CodeIgniter\CodeIgniter->run()
#12 C:\xampp\htdocs\pendaftaran-sanggar\system\Boot.php(68): CodeIgniter\Boot::runCodeIgniter(Object(CodeIgniter\CodeIgniter))
#13 C:\xampp\htdocs\pendaftaran-sanggar\public\index.php(59): CodeIgniter\Boot::bootWeb(Object(Config\Paths))
#14 C:\xampp\htdocs\pendaftaran-sanggar\system\rewrite.php(44): require_once('C:\\xampp\\htdocs...')
#15 {main}
CRITICAL - 2025-12-05 15:28:05 --> CodeIgniter\Database\Exceptions\DatabaseException: Duplicate entry '0' for key 'PRIMARY'
[Method: GET, Route: admin/biaya]
in SYSTEMPATH\Database\BaseConnection.php on line 684.
 1 SYSTEMPATH\Database\BaseBuilder.php(2345): CodeIgniter\Database\BaseConnection->query('INSERT INTO `biaya_pendaftaran` (`id_biaya`, `jenis_biaya`, `jumlah`, `keterangan`, `created_at`, `updated_at`) VALUES (:id_biaya:, :jenis_biaya:, :jumlah:, :keterangan:, :created_at:, :updated_at:)', [...], false)
 2 SYSTEMPATH\Model.php(394): CodeIgniter\Database\BaseBuilder->insert()
 3 SYSTEMPATH\BaseModel.php(838): CodeIgniter\Model->doInsert([...])
 4 SYSTEMPATH\Model.php(797): CodeIgniter\BaseModel->insert([...], true)
 5 APPPATH\Controllers\Admin\BiayaPendaftaran.php(46): CodeIgniter\Model->insert([...])
 6 SYSTEMPATH\CodeIgniter.php(933): App\Controllers\Admin\BiayaPendaftaran->index()
 7 SYSTEMPATH\CodeIgniter.php(507): CodeIgniter\CodeIgniter->runController(Object(App\Controllers\Admin\BiayaPendaftaran))
 8 SYSTEMPATH\CodeIgniter.php(354): CodeIgniter\CodeIgniter->handleRequest(null, Object(Config\Cache), false)
 9 SYSTEMPATH\Boot.php(363): CodeIgniter\CodeIgniter->run()
10 SYSTEMPATH\Boot.php(68): CodeIgniter\Boot::runCodeIgniter(Object(CodeIgniter\CodeIgniter))
11 FCPATH\index.php(59): CodeIgniter\Boot::bootWeb(Object(Config\Paths))
12 SYSTEMPATH\rewrite.php(44): require_once('C:\\xampp\\htdocs\\pendaftaran-sanggar\\public\\index.php')
CRITICAL - 2025-12-05 15:28:05 --> [Caused by] CodeIgniter\Database\Exceptions\DatabaseException: Duplicate entry '0' for key 'PRIMARY'
in SYSTEMPATH\Database\MySQLi\Connection.php on line 332.
 1 SYSTEMPATH\Database\BaseConnection.php(729): CodeIgniter\Database\MySQLi\Connection->execute('INSERT INTO `biaya_pendaftaran` (`id_biaya`, `jenis_biaya`, `jumlah`, `keterangan`, `created_at`, `updated_at`) VALUES (\'BYA002\', \'Iuran Bulanan\', 0, \'Biaya iuran bulanan\', \'2025-12-05 15:28:05\', \'2025-12-05 15:28:05\')')
 2 SYSTEMPATH\Database\BaseConnection.php(646): CodeIgniter\Database\BaseConnection->simpleQuery('INSERT INTO `biaya_pendaftaran` (`id_biaya`, `jenis_biaya`, `jumlah`, `keterangan`, `created_at`, `updated_at`) VALUES (\'BYA002\', \'Iuran Bulanan\', 0, \'Biaya iuran bulanan\', \'2025-12-05 15:28:05\', \'2025-12-05 15:28:05\')')
 3 SYSTEMPATH\Database\BaseBuilder.php(2345): CodeIgniter\Database\BaseConnection->query('INSERT INTO `biaya_pendaftaran` (`id_biaya`, `jenis_biaya`, `jumlah`, `keterangan`, `created_at`, `updated_at`) VALUES (:id_biaya:, :jenis_biaya:, :jumlah:, :keterangan:, :created_at:, :updated_at:)', [...], false)
 4 SYSTEMPATH\Model.php(394): CodeIgniter\Database\BaseBuilder->insert()
 5 SYSTEMPATH\BaseModel.php(838): CodeIgniter\Model->doInsert([...])
 6 SYSTEMPATH\Model.php(797): CodeIgniter\BaseModel->insert([...], true)
 7 APPPATH\Controllers\Admin\BiayaPendaftaran.php(46): CodeIgniter\Model->insert([...])
 8 SYSTEMPATH\CodeIgniter.php(933): App\Controllers\Admin\BiayaPendaftaran->index()
 9 SYSTEMPATH\CodeIgniter.php(507): CodeIgniter\CodeIgniter->runController(Object(App\Controllers\Admin\BiayaPendaftaran))
10 SYSTEMPATH\CodeIgniter.php(354): CodeIgniter\CodeIgniter->handleRequest(null, Object(Config\Cache), false)
11 SYSTEMPATH\Boot.php(363): CodeIgniter\CodeIgniter->run()
12 SYSTEMPATH\Boot.php(68): CodeIgniter\Boot::runCodeIgniter(Object(CodeIgniter\CodeIgniter))
13 FCPATH\index.php(59): CodeIgniter\Boot::bootWeb(Object(Config\Paths))
14 SYSTEMPATH\rewrite.php(44): require_once('C:\\xampp\\htdocs\\pendaftaran-sanggar\\public\\index.php')
CRITICAL - 2025-12-05 15:28:05 --> [Caused by] mysqli_sql_exception: Duplicate entry '0' for key 'PRIMARY'
in SYSTEMPATH\Database\MySQLi\Connection.php on line 327.
 1 SYSTEMPATH\Database\MySQLi\Connection.php(327): mysqli->query('INSERT INTO `biaya_pendaftaran` (`id_biaya`, `jenis_biaya`, `jumlah`, `keterangan`, `created_at`, `updated_at`) VALUES (\'BYA002\', \'Iuran Bulanan\', 0, \'Biaya iuran bulanan\', \'2025-12-05 15:28:05\', \'2025-12-05 15:28:05\')', 0)
 2 SYSTEMPATH\Database\BaseConnection.php(729): CodeIgniter\Database\MySQLi\Connection->execute('INSERT INTO `biaya_pendaftaran` (`id_biaya`, `jenis_biaya`, `jumlah`, `keterangan`, `created_at`, `updated_at`) VALUES (\'BYA002\', \'Iuran Bulanan\', 0, \'Biaya iuran bulanan\', \'2025-12-05 15:28:05\', \'2025-12-05 15:28:05\')')
 3 SYSTEMPATH\Database\BaseConnection.php(646): CodeIgniter\Database\BaseConnection->simpleQuery('INSERT INTO `biaya_pendaftaran` (`id_biaya`, `jenis_biaya`, `jumlah`, `keterangan`, `created_at`, `updated_at`) VALUES (\'BYA002\', \'Iuran Bulanan\', 0, \'Biaya iuran bulanan\', \'2025-12-05 15:28:05\', \'2025-12-05 15:28:05\')')
 4 SYSTEMPATH\Database\BaseBuilder.php(2345): CodeIgniter\Database\BaseConnection->query('INSERT INTO `biaya_pendaftaran` (`id_biaya`, `jenis_biaya`, `jumlah`, `keterangan`, `created_at`, `updated_at`) VALUES (:id_biaya:, :jenis_biaya:, :jumlah:, :keterangan:, :created_at:, :updated_at:)', [...], false)
 5 SYSTEMPATH\Model.php(394): CodeIgniter\Database\BaseBuilder->insert()
 6 SYSTEMPATH\BaseModel.php(838): CodeIgniter\Model->doInsert([...])
 7 SYSTEMPATH\Model.php(797): CodeIgniter\BaseModel->insert([...], true)
 8 APPPATH\Controllers\Admin\BiayaPendaftaran.php(46): CodeIgniter\Model->insert([...])
 9 SYSTEMPATH\CodeIgniter.php(933): App\Controllers\Admin\BiayaPendaftaran->index()
10 SYSTEMPATH\CodeIgniter.php(507): CodeIgniter\CodeIgniter->runController(Object(App\Controllers\Admin\BiayaPendaftaran))
11 SYSTEMPATH\CodeIgniter.php(354): CodeIgniter\CodeIgniter->handleRequest(null, Object(Config\Cache), false)
12 SYSTEMPATH\Boot.php(363): CodeIgniter\CodeIgniter->run()
13 SYSTEMPATH\Boot.php(68): CodeIgniter\Boot::runCodeIgniter(Object(CodeIgniter\CodeIgniter))
14 FCPATH\index.php(59): CodeIgniter\Boot::bootWeb(Object(Config\Paths))
15 SYSTEMPATH\rewrite.php(44): require_once('C:\\xampp\\htdocs\\pendaftaran-sanggar\\public\\index.php')
DEBUG - 2025-12-05 15:28:47 --> Session: Class initialized using 'CodeIgniter\Session\Handlers\FileHandler' driver.
DEBUG - 2025-12-05 15:29:18 --> Session: Class initialized using 'CodeIgniter\Session\Handlers\FileHandler' driver.
DEBUG - 2025-12-05 15:29:18 --> Session: Class initialized using 'CodeIgniter\Session\Handlers\FileHandler' driver.
DEBUG - 2025-12-05 15:29:57 --> Session: Class initialized using 'CodeIgniter\Session\Handlers\FileHandler' driver.
DEBUG - 2025-12-05 15:30:02 --> Session: Class initialized using 'CodeIgniter\Session\Handlers\FileHandler' driver.
CRITICAL - 2025-12-05 15:55:04 --> ErrorException: Undefined array key "tipe_kelas"
[Method: GET, Route: /]
in APPPATH\Views\anggota\index.php on line 355.
 1 APPPATH\Views\anggota\index.php(355): CodeIgniter\Debug\Exceptions->errorHandler(2, 'Undefined array key "tipe_kelas"', 'C:\\xampp\\htdocs\\pendaftaran-sanggar\\app\\Views\\anggota\\index.php', 355)
 2 SYSTEMPATH\View\View.php(226): include('C:\\xampp\\htdocs\\pendaftaran-sanggar\\app\\Views\\anggota\\index.php')
 3 SYSTEMPATH\View\View.php(229): CodeIgniter\View\View->CodeIgniter\View\{closure}()
 4 SYSTEMPATH\Common.php(1167): CodeIgniter\View\View->render('anggota/index', [], true)
 5 APPPATH\Controllers\Home.php(35): view('anggota/index', [...])
 6 SYSTEMPATH\CodeIgniter.php(933): App\Controllers\Home->index()
 7 SYSTEMPATH\CodeIgniter.php(507): CodeIgniter\CodeIgniter->runController(Object(App\Controllers\Home))
 8 SYSTEMPATH\CodeIgniter.php(354): CodeIgniter\CodeIgniter->handleRequest(null, Object(Config\Cache), false)
 9 SYSTEMPATH\Boot.php(363): CodeIgniter\CodeIgniter->run()
10 SYSTEMPATH\Boot.php(68): CodeIgniter\Boot::runCodeIgniter(Object(CodeIgniter\CodeIgniter))
11 FCPATH\index.php(59): CodeIgniter\Boot::bootWeb(Object(Config\Paths))
12 SYSTEMPATH\rewrite.php(44): require_once('C:\\xampp\\htdocs\\pendaftaran-sanggar\\public\\index.php')
CRITICAL - 2025-12-05 16:21:24 --> ErrorException: Undefined variable $jadwal_reguler
[Method: GET, Route: anggota/lihat]
in APPPATH\Views\anggota\lihat.php on line 193.
 1 APPPATH\Views\anggota\lihat.php(193): CodeIgniter\Debug\Exceptions->errorHandler(2, 'Undefined variable $jadwal_reguler', 'C:\\xampp\\htdocs\\pendaftaran-sanggar\\app\\Views\\anggota\\lihat.php', 193)
 2 SYSTEMPATH\View\View.php(226): include('C:\\xampp\\htdocs\\pendaftaran-sanggar\\app\\Views\\anggota\\lihat.php')
 3 SYSTEMPATH\View\View.php(229): CodeIgniter\View\View->CodeIgniter\View\{closure}()
 4 SYSTEMPATH\Common.php(1167): CodeIgniter\View\View->render('anggota/lihat', [], true)
 5 APPPATH\Controllers\Home.php(49): view('anggota/lihat')
 6 SYSTEMPATH\CodeIgniter.php(933): App\Controllers\Home->lihat()
 7 SYSTEMPATH\CodeIgniter.php(507): CodeIgniter\CodeIgniter->runController(Object(App\Controllers\Home))
 8 SYSTEMPATH\CodeIgniter.php(354): CodeIgniter\CodeIgniter->handleRequest(null, Object(Config\Cache), false)
 9 SYSTEMPATH\Boot.php(363): CodeIgniter\CodeIgniter->run()
10 SYSTEMPATH\Boot.php(68): CodeIgniter\Boot::runCodeIgniter(Object(CodeIgniter\CodeIgniter))
11 FCPATH\index.php(59): CodeIgniter\Boot::bootWeb(Object(Config\Paths))
12 SYSTEMPATH\rewrite.php(44): require_once('C:\\xampp\\htdocs\\pendaftaran-sanggar\\public\\index.php')
