ERROR - 2026-01-31 13:06:48 --> mysqli_sql_exception: Cannot delete or update a parent row: a foreign key constraint fails (`gayatri_art`.`kelas`, CONSTRAINT `kelas_ibfk_1` FOREIGN KEY (`id_pelatih`) REFERENCES `pelatih` (`id_pelatih`) ON UPDATE CASCADE) in C:\xampp\htdocs\pendaftaran-sanggar\system\Database\MySQLi\Connection.php:327
Stack trace:
#0 C:\xampp\htdocs\pendaftaran-sanggar\system\Database\MySQLi\Connection.php(327): mysqli->query('DELETE FROM `pe...', 0)
#1 C:\xampp\htdocs\pendaftaran-sanggar\system\Database\BaseConnection.php(729): CodeIgniter\Database\MySQLi\Connection->execute('DELETE FROM `pe...')
#2 C:\xampp\htdocs\pendaftaran-sanggar\system\Database\BaseConnection.php(646): CodeIgniter\Database\BaseConnection->simpleQuery('DELETE FROM `pe...')
#3 C:\xampp\htdocs\pendaftaran-sanggar\system\Database\BaseBuilder.php(2848): CodeIgniter\Database\BaseConnection->query('DELETE FROM `pe...', Array, false)
#4 C:\xampp\htdocs\pendaftaran-sanggar\system\Model.php(521): CodeIgniter\Database\BaseBuilder->delete()
#5 C:\xampp\htdocs\pendaftaran-sanggar\system\BaseModel.php(1152): CodeIgniter\Model->doDelete(Array, false)
#6 C:\xampp\htdocs\pendaftaran-sanggar\app\Controllers\Admin\Pelatih.php(141): CodeIgniter\BaseModel->delete(Array)
#7 C:\xampp\htdocs\pendaftaran-sanggar\system\CodeIgniter.php(933): App\Controllers\Admin\Pelatih->hapus('PA003')
#8 C:\xampp\htdocs\pendaftaran-sanggar\system\CodeIgniter.php(507): CodeIgniter\CodeIgniter->runController(Object(App\Controllers\Admin\Pelatih))
#9 C:\xampp\htdocs\pendaftaran-sanggar\system\CodeIgniter.php(354): CodeIgniter\CodeIgniter->handleRequest(NULL, Object(Config\Cache), false)
#10 C:\xampp\htdocs\pendaftaran-sanggar\system\Boot.php(363): CodeIgniter\CodeIgniter->run()
#11 C:\xampp\htdocs\pendaftaran-sanggar\system\Boot.php(68): CodeIgniter\Boot::runCodeIgniter(Object(CodeIgniter\CodeIgniter))
#12 C:\xampp\htdocs\pendaftaran-sanggar\public\index.php(59): CodeIgniter\Boot::bootWeb(Object(Config\Paths))
#13 C:\xampp\htdocs\pendaftaran-sanggar\system\rewrite.php(44): require_once('C:\\xampp\\htdocs...')
#14 {main}
CRITICAL - 2026-01-31 13:06:48 --> CodeIgniter\Database\Exceptions\DatabaseException: Cannot delete or update a parent row: a foreign key constraint fails (`gayatri_art`.`kelas`, CONSTRAINT `kelas_ibfk_1` FOREIGN KEY (`id_pelatih`) REFERENCES `pelatih` (`id_pelatih`) ON UPDATE CASCADE)
[Method: GET, Route: admin/pelatih/hapus/PA003]
in SYSTEMPATH\Database\BaseConnection.php on line 684.
 1 SYSTEMPATH\Database\BaseBuilder.php(2848): CodeIgniter\Database\BaseConnection->query('DELETE FROM `pelatih`
WHERE `id_pelatih` IN :id_pelatih:', [...], false)
 2 SYSTEMPATH\Model.php(521): CodeIgniter\Database\BaseBuilder->delete()
 3 SYSTEMPATH\BaseModel.php(1152): CodeIgniter\Model->doDelete([...], false)
 4 APPPATH\Controllers\Admin\Pelatih.php(141): CodeIgniter\BaseModel->delete([...])
 5 SYSTEMPATH\CodeIgniter.php(933): App\Controllers\Admin\Pelatih->hapus('PA003')
 6 SYSTEMPATH\CodeIgniter.php(507): CodeIgniter\CodeIgniter->runController(Object(App\Controllers\Admin\Pelatih))
 7 SYSTEMPATH\CodeIgniter.php(354): CodeIgniter\CodeIgniter->handleRequest(null, Object(Config\Cache), false)
 8 SYSTEMPATH\Boot.php(363): CodeIgniter\CodeIgniter->run()
 9 SYSTEMPATH\Boot.php(68): CodeIgniter\Boot::runCodeIgniter(Object(CodeIgniter\CodeIgniter))
10 FCPATH\index.php(59): CodeIgniter\Boot::bootWeb(Object(Config\Paths))
11 SYSTEMPATH\rewrite.php(44): require_once('C:\\xampp\\htdocs\\pendaftaran-sanggar\\public\\index.php')
CRITICAL - 2026-01-31 13:06:48 --> [Caused by] CodeIgniter\Database\Exceptions\DatabaseException: Cannot delete or update a parent row: a foreign key constraint fails (`gayatri_art`.`kelas`, CONSTRAINT `kelas_ibfk_1` FOREIGN KEY (`id_pelatih`) REFERENCES `pelatih` (`id_pelatih`) ON UPDATE CASCADE)
in SYSTEMPATH\Database\MySQLi\Connection.php on line 332.
 1 SYSTEMPATH\Database\BaseConnection.php(729): CodeIgniter\Database\MySQLi\Connection->execute('DELETE FROM `pelatih`
WHERE `id_pelatih` IN (\'PA003\')')
 2 SYSTEMPATH\Database\BaseConnection.php(646): CodeIgniter\Database\BaseConnection->simpleQuery('DELETE FROM `pelatih`
WHERE `id_pelatih` IN (\'PA003\')')
 3 SYSTEMPATH\Database\BaseBuilder.php(2848): CodeIgniter\Database\BaseConnection->query('DELETE FROM `pelatih`
WHERE `id_pelatih` IN :id_pelatih:', [...], false)
 4 SYSTEMPATH\Model.php(521): CodeIgniter\Database\BaseBuilder->delete()
 5 SYSTEMPATH\BaseModel.php(1152): CodeIgniter\Model->doDelete([...], false)
 6 APPPATH\Controllers\Admin\Pelatih.php(141): CodeIgniter\BaseModel->delete([...])
 7 SYSTEMPATH\CodeIgniter.php(933): App\Controllers\Admin\Pelatih->hapus('PA003')
 8 SYSTEMPATH\CodeIgniter.php(507): CodeIgniter\CodeIgniter->runController(Object(App\Controllers\Admin\Pelatih))
 9 SYSTEMPATH\CodeIgniter.php(354): CodeIgniter\CodeIgniter->handleRequest(null, Object(Config\Cache), false)
10 SYSTEMPATH\Boot.php(363): CodeIgniter\CodeIgniter->run()
11 SYSTEMPATH\Boot.php(68): CodeIgniter\Boot::runCodeIgniter(Object(CodeIgniter\CodeIgniter))
12 FCPATH\index.php(59): CodeIgniter\Boot::bootWeb(Object(Config\Paths))
13 SYSTEMPATH\rewrite.php(44): require_once('C:\\xampp\\htdocs\\pendaftaran-sanggar\\public\\index.php')
CRITICAL - 2026-01-31 13:06:48 --> [Caused by] mysqli_sql_exception: Cannot delete or update a parent row: a foreign key constraint fails (`gayatri_art`.`kelas`, CONSTRAINT `kelas_ibfk_1` FOREIGN KEY (`id_pelatih`) REFERENCES `pelatih` (`id_pelatih`) ON UPDATE CASCADE)
in SYSTEMPATH\Database\MySQLi\Connection.php on line 327.
 1 SYSTEMPATH\Database\MySQLi\Connection.php(327): mysqli->query('DELETE FROM `pelatih`
WHERE `id_pelatih` IN (\'PA003\')', 0)
 2 SYSTEMPATH\Database\BaseConnection.php(729): CodeIgniter\Database\MySQLi\Connection->execute('DELETE FROM `pelatih`
WHERE `id_pelatih` IN (\'PA003\')')
 3 SYSTEMPATH\Database\BaseConnection.php(646): CodeIgniter\Database\BaseConnection->simpleQuery('DELETE FROM `pelatih`
WHERE `id_pelatih` IN (\'PA003\')')
 4 SYSTEMPATH\Database\BaseBuilder.php(2848): CodeIgniter\Database\BaseConnection->query('DELETE FROM `pelatih`
WHERE `id_pelatih` IN :id_pelatih:', [...], false)
 5 SYSTEMPATH\Model.php(521): CodeIgniter\Database\BaseBuilder->delete()
 6 SYSTEMPATH\BaseModel.php(1152): CodeIgniter\Model->doDelete([...], false)
 7 APPPATH\Controllers\Admin\Pelatih.php(141): CodeIgniter\BaseModel->delete([...])
 8 SYSTEMPATH\CodeIgniter.php(933): App\Controllers\Admin\Pelatih->hapus('PA003')
 9 SYSTEMPATH\CodeIgniter.php(507): CodeIgniter\CodeIgniter->runController(Object(App\Controllers\Admin\Pelatih))
10 SYSTEMPATH\CodeIgniter.php(354): CodeIgniter\CodeIgniter->handleRequest(null, Object(Config\Cache), false)
11 SYSTEMPATH\Boot.php(363): CodeIgniter\CodeIgniter->run()
12 SYSTEMPATH\Boot.php(68): CodeIgniter\Boot::runCodeIgniter(Object(CodeIgniter\CodeIgniter))
13 FCPATH\index.php(59): CodeIgniter\Boot::bootWeb(Object(Config\Paths))
14 SYSTEMPATH\rewrite.php(44): require_once('C:\\xampp\\htdocs\\pendaftaran-sanggar\\public\\index.php')
CRITICAL - 2026-01-31 13:53:44 --> ErrorException: Undefined variable $angkatan
[Method: POST, Route: admin/laporan/cetak]
in APPPATH\Views\admin\laporan\pdf_template.php on line 35.
 1 APPPATH\Views\admin\laporan\pdf_template.php(35): CodeIgniter\Debug\Exceptions->errorHandler(2, 'Undefined variable $angkatan', 'C:\\xampp\\htdocs\\pendaftaran-sanggar\\app\\Views\\admin\\laporan\\pdf_template.php', 35)
 2 SYSTEMPATH\View\View.php(226): include('C:\\xampp\\htdocs\\pendaftaran-sanggar\\app\\Views\\admin\\laporan\\pdf_template.php')
 3 SYSTEMPATH\View\View.php(229): CodeIgniter\View\View->CodeIgniter\View\{closure}()
 4 SYSTEMPATH\Common.php(1167): CodeIgniter\View\View->render('admin/laporan/pdf_template', [], true)
 5 APPPATH\Controllers\Admin\Laporan.php(106): view('admin/laporan/pdf_template', [...])
 6 SYSTEMPATH\CodeIgniter.php(933): App\Controllers\Admin\Laporan->cetak()
 7 SYSTEMPATH\CodeIgniter.php(507): CodeIgniter\CodeIgniter->runController(Object(App\Controllers\Admin\Laporan))
 8 SYSTEMPATH\CodeIgniter.php(354): CodeIgniter\CodeIgniter->handleRequest(null, Object(Config\Cache), false)
 9 SYSTEMPATH\Boot.php(363): CodeIgniter\CodeIgniter->run()
10 SYSTEMPATH\Boot.php(68): CodeIgniter\Boot::runCodeIgniter(Object(CodeIgniter\CodeIgniter))
11 FCPATH\index.php(59): CodeIgniter\Boot::bootWeb(Object(Config\Paths))
12 SYSTEMPATH\rewrite.php(44): require_once('C:\\xampp\\htdocs\\pendaftaran-sanggar\\public\\index.php')
CRITICAL - 2026-01-31 13:56:23 --> ErrorException: Undefined variable $angkatan
[Method: POST, Route: admin/laporan/cetak]
in APPPATH\Views\admin\laporan\pdf_template.php on line 35.
 1 APPPATH\Views\admin\laporan\pdf_template.php(35): CodeIgniter\Debug\Exceptions->errorHandler(2, 'Undefined variable $angkatan', 'C:\\xampp\\htdocs\\pendaftaran-sanggar\\app\\Views\\admin\\laporan\\pdf_template.php', 35)
 2 SYSTEMPATH\View\View.php(226): include('C:\\xampp\\htdocs\\pendaftaran-sanggar\\app\\Views\\admin\\laporan\\pdf_template.php')
 3 SYSTEMPATH\View\View.php(229): CodeIgniter\View\View->CodeIgniter\View\{closure}()
 4 SYSTEMPATH\Common.php(1167): CodeIgniter\View\View->render('admin/laporan/pdf_template', [], true)
 5 APPPATH\Controllers\Admin\Laporan.php(106): view('admin/laporan/pdf_template', [...])
 6 SYSTEMPATH\CodeIgniter.php(933): App\Controllers\Admin\Laporan->cetak()
 7 SYSTEMPATH\CodeIgniter.php(507): CodeIgniter\CodeIgniter->runController(Object(App\Controllers\Admin\Laporan))
 8 SYSTEMPATH\CodeIgniter.php(354): CodeIgniter\CodeIgniter->handleRequest(null, Object(Config\Cache), false)
 9 SYSTEMPATH\Boot.php(363): CodeIgniter\CodeIgniter->run()
10 SYSTEMPATH\Boot.php(68): CodeIgniter\Boot::runCodeIgniter(Object(CodeIgniter\CodeIgniter))
11 FCPATH\index.php(59): CodeIgniter\Boot::bootWeb(Object(Config\Paths))
12 SYSTEMPATH\rewrite.php(44): require_once('C:\\xampp\\htdocs\\pendaftaran-sanggar\\public\\index.php')
CRITICAL - 2026-01-31 13:56:38 --> ErrorException: Undefined variable $angkatan
[Method: POST, Route: admin/laporan/cetak]
in APPPATH\Views\admin\laporan\pdf_template.php on line 35.
 1 APPPATH\Views\admin\laporan\pdf_template.php(35): CodeIgniter\Debug\Exceptions->errorHandler(2, 'Undefined variable $angkatan', 'C:\\xampp\\htdocs\\pendaftaran-sanggar\\app\\Views\\admin\\laporan\\pdf_template.php', 35)
 2 SYSTEMPATH\View\View.php(226): include('C:\\xampp\\htdocs\\pendaftaran-sanggar\\app\\Views\\admin\\laporan\\pdf_template.php')
 3 SYSTEMPATH\View\View.php(229): CodeIgniter\View\View->CodeIgniter\View\{closure}()
 4 SYSTEMPATH\Common.php(1167): CodeIgniter\View\View->render('admin/laporan/pdf_template', [], true)
 5 APPPATH\Controllers\Admin\Laporan.php(106): view('admin/laporan/pdf_template', [...])
 6 SYSTEMPATH\CodeIgniter.php(933): App\Controllers\Admin\Laporan->cetak()
 7 SYSTEMPATH\CodeIgniter.php(507): CodeIgniter\CodeIgniter->runController(Object(App\Controllers\Admin\Laporan))
 8 SYSTEMPATH\CodeIgniter.php(354): CodeIgniter\CodeIgniter->handleRequest(null, Object(Config\Cache), false)
 9 SYSTEMPATH\Boot.php(363): CodeIgniter\CodeIgniter->run()
10 SYSTEMPATH\Boot.php(68): CodeIgniter\Boot::runCodeIgniter(Object(CodeIgniter\CodeIgniter))
11 FCPATH\index.php(59): CodeIgniter\Boot::bootWeb(Object(Config\Paths))
12 SYSTEMPATH\rewrite.php(44): require_once('C:\\xampp\\htdocs\\pendaftaran-sanggar\\public\\index.php')
CRITICAL - 2026-01-31 14:01:44 --> Exception: The PHP GD extension is required, but is not installed.
[Method: POST, Route: admin/laporan/cetak]
in VENDORPATH\dompdf\dompdf\lib\Cpdf.php on line 6207.
 1 VENDORPATH\dompdf\dompdf\src\Adapter\CPDF.php(674): Dompdf\Cpdf->addPngFromFile('C:\\Users\\user\\AppData\\Local\\Temp\\ca_E58D.tmp', 36.26574803149606, 506.82862322598896, 52.5, 52.185628742514965)
 2 VENDORPATH\dompdf\dompdf\src\Renderer\Image.php(63): Dompdf\Adapter\CPDF->image('C:\\Users\\user\\AppData\\Local\\Temp\\ca_E58D.tmp', 36.26574803149606, 36.26574803149606, 52.5, 52.185628742514965, 'normal')
 3 VENDORPATH\dompdf\dompdf\src\Renderer.php(305): Dompdf\Renderer\Image->render(Object(Dompdf\FrameDecorator\Image))
 4 VENDORPATH\dompdf\dompdf\src\Renderer.php(140): Dompdf\Renderer->_render_frame('image', Object(Dompdf\FrameDecorator\Image))
 5 VENDORPATH\dompdf\dompdf\src\Renderer.php(207): Dompdf\Renderer->render(Object(Dompdf\FrameDecorator\Image))
 6 VENDORPATH\dompdf\dompdf\src\Renderer.php(207): Dompdf\Renderer->render(Object(Dompdf\FrameDecorator\TableCell))
 7 VENDORPATH\dompdf\dompdf\src\Renderer.php(207): Dompdf\Renderer->render(Object(Dompdf\FrameDecorator\TableRow))
 8 VENDORPATH\dompdf\dompdf\src\Renderer.php(207): Dompdf\Renderer->render(Object(Dompdf\FrameDecorator\TableRowGroup))
 9 VENDORPATH\dompdf\dompdf\src\Renderer.php(207): Dompdf\Renderer->render(Object(Dompdf\FrameDecorator\Table))
10 VENDORPATH\dompdf\dompdf\src\Renderer.php(207): Dompdf\Renderer->render(Object(Dompdf\FrameDecorator\Block))
11 VENDORPATH\dompdf\dompdf\src\FrameReflower\Page.php(148): Dompdf\Renderer->render(Object(Dompdf\FrameDecorator\Block))
12 VENDORPATH\dompdf\dompdf\src\FrameDecorator\AbstractFrameDecorator.php(915): Dompdf\FrameReflower\Page->reflow(null)
13 VENDORPATH\dompdf\dompdf\src\Dompdf.php(815): Dompdf\FrameDecorator\AbstractFrameDecorator->reflow()
14 APPPATH\Controllers\Admin\Laporan.php(111): Dompdf\Dompdf->render()
15 SYSTEMPATH\CodeIgniter.php(933): App\Controllers\Admin\Laporan->cetak()
16 SYSTEMPATH\CodeIgniter.php(507): CodeIgniter\CodeIgniter->runController(Object(App\Controllers\Admin\Laporan))
17 SYSTEMPATH\CodeIgniter.php(354): CodeIgniter\CodeIgniter->handleRequest(null, Object(Config\Cache), false)
18 SYSTEMPATH\Boot.php(363): CodeIgniter\CodeIgniter->run()
19 SYSTEMPATH\Boot.php(68): CodeIgniter\Boot::runCodeIgniter(Object(CodeIgniter\CodeIgniter))
20 FCPATH\index.php(59): CodeIgniter\Boot::bootWeb(Object(Config\Paths))
21 SYSTEMPATH\rewrite.php(44): require_once('C:\\xampp\\htdocs\\pendaftaran-sanggar\\public\\index.php')
CRITICAL - 2026-01-31 16:52:49 --> Exception: The PHP GD extension is required, but is not installed.
[Method: POST, Route: admin/laporan/cetak]
in VENDORPATH\dompdf\dompdf\lib\Cpdf.php on line 6207.
 1 VENDORPATH\dompdf\dompdf\src\Adapter\CPDF.php(674): Dompdf\Cpdf->addPngFromFile('C:\\Users\\user\\AppData\\Local\\Temp\\ca_861C.tmp', 36.26574803149606, 506.82862322598896, 52.5, 52.185628742514965)
 2 VENDORPATH\dompdf\dompdf\src\Renderer\Image.php(63): Dompdf\Adapter\CPDF->image('C:\\Users\\user\\AppData\\Local\\Temp\\ca_861C.tmp', 36.26574803149606, 36.26574803149606, 52.5, 52.185628742514965, 'normal')
 3 VENDORPATH\dompdf\dompdf\src\Renderer.php(305): Dompdf\Renderer\Image->render(Object(Dompdf\FrameDecorator\Image))
 4 VENDORPATH\dompdf\dompdf\src\Renderer.php(140): Dompdf\Renderer->_render_frame('image', Object(Dompdf\FrameDecorator\Image))
 5 VENDORPATH\dompdf\dompdf\src\Renderer.php(207): Dompdf\Renderer->render(Object(Dompdf\FrameDecorator\Image))
 6 VENDORPATH\dompdf\dompdf\src\Renderer.php(207): Dompdf\Renderer->render(Object(Dompdf\FrameDecorator\TableCell))
 7 VENDORPATH\dompdf\dompdf\src\Renderer.php(207): Dompdf\Renderer->render(Object(Dompdf\FrameDecorator\TableRow))
 8 VENDORPATH\dompdf\dompdf\src\Renderer.php(207): Dompdf\Renderer->render(Object(Dompdf\FrameDecorator\TableRowGroup))
 9 VENDORPATH\dompdf\dompdf\src\Renderer.php(207): Dompdf\Renderer->render(Object(Dompdf\FrameDecorator\Table))
10 VENDORPATH\dompdf\dompdf\src\Renderer.php(207): Dompdf\Renderer->render(Object(Dompdf\FrameDecorator\Block))
11 VENDORPATH\dompdf\dompdf\src\FrameReflower\Page.php(148): Dompdf\Renderer->render(Object(Dompdf\FrameDecorator\Block))
12 VENDORPATH\dompdf\dompdf\src\FrameDecorator\AbstractFrameDecorator.php(915): Dompdf\FrameReflower\Page->reflow(null)
13 VENDORPATH\dompdf\dompdf\src\Dompdf.php(815): Dompdf\FrameDecorator\AbstractFrameDecorator->reflow()
14 APPPATH\Controllers\Admin\Laporan.php(111): Dompdf\Dompdf->render()
15 SYSTEMPATH\CodeIgniter.php(933): App\Controllers\Admin\Laporan->cetak()
16 SYSTEMPATH\CodeIgniter.php(507): CodeIgniter\CodeIgniter->runController(Object(App\Controllers\Admin\Laporan))
17 SYSTEMPATH\CodeIgniter.php(354): CodeIgniter\CodeIgniter->handleRequest(null, Object(Config\Cache), false)
18 SYSTEMPATH\Boot.php(363): CodeIgniter\CodeIgniter->run()
19 SYSTEMPATH\Boot.php(68): CodeIgniter\Boot::runCodeIgniter(Object(CodeIgniter\CodeIgniter))
20 FCPATH\index.php(59): CodeIgniter\Boot::bootWeb(Object(Config\Paths))
21 SYSTEMPATH\rewrite.php(44): require_once('C:\\xampp\\htdocs\\pendaftaran-sanggar\\public\\index.php')
CRITICAL - 2026-01-31 17:37:08 --> ErrorException: Undefined variable $admin
[Method: POST, Route: admin/laporan/cetak]
in APPPATH\Views\admin\laporan\pdf_template.php on line 63.
 1 APPPATH\Views\admin\laporan\pdf_template.php(63): CodeIgniter\Debug\Exceptions->errorHandler(2, 'Undefined variable $admin', 'C:\\xampp\\htdocs\\pendaftaran-sanggar\\app\\Views\\admin\\laporan\\pdf_template.php', 63)
 2 SYSTEMPATH\View\View.php(226): include('C:\\xampp\\htdocs\\pendaftaran-sanggar\\app\\Views\\admin\\laporan\\pdf_template.php')
 3 SYSTEMPATH\View\View.php(229): CodeIgniter\View\View->CodeIgniter\View\{closure}()
 4 SYSTEMPATH\Common.php(1167): CodeIgniter\View\View->render('admin/laporan/pdf_template', [], true)
 5 APPPATH\Controllers\Admin\Laporan.php(106): view('admin/laporan/pdf_template', [...])
 6 SYSTEMPATH\CodeIgniter.php(933): App\Controllers\Admin\Laporan->cetak()
 7 SYSTEMPATH\CodeIgniter.php(507): CodeIgniter\CodeIgniter->runController(Object(App\Controllers\Admin\Laporan))
 8 SYSTEMPATH\CodeIgniter.php(354): CodeIgniter\CodeIgniter->handleRequest(null, Object(Config\Cache), false)
 9 SYSTEMPATH\Boot.php(363): CodeIgniter\CodeIgniter->run()
10 SYSTEMPATH\Boot.php(68): CodeIgniter\Boot::runCodeIgniter(Object(CodeIgniter\CodeIgniter))
11 FCPATH\index.php(59): CodeIgniter\Boot::bootWeb(Object(Config\Paths))
12 SYSTEMPATH\rewrite.php(44): require_once('C:\\xampp\\htdocs\\pendaftaran-sanggar\\public\\index.php')
CRITICAL - 2026-01-31 17:37:19 --> ErrorException: Undefined variable $admin
[Method: POST, Route: admin/laporan/cetak]
in APPPATH\Views\admin\laporan\pdf_template.php on line 63.
 1 APPPATH\Views\admin\laporan\pdf_template.php(63): CodeIgniter\Debug\Exceptions->errorHandler(2, 'Undefined variable $admin', 'C:\\xampp\\htdocs\\pendaftaran-sanggar\\app\\Views\\admin\\laporan\\pdf_template.php', 63)
 2 SYSTEMPATH\View\View.php(226): include('C:\\xampp\\htdocs\\pendaftaran-sanggar\\app\\Views\\admin\\laporan\\pdf_template.php')
 3 SYSTEMPATH\View\View.php(229): CodeIgniter\View\View->CodeIgniter\View\{closure}()
 4 SYSTEMPATH\Common.php(1167): CodeIgniter\View\View->render('admin/laporan/pdf_template', [], true)
 5 APPPATH\Controllers\Admin\Laporan.php(106): view('admin/laporan/pdf_template', [...])
 6 SYSTEMPATH\CodeIgniter.php(933): App\Controllers\Admin\Laporan->cetak()
 7 SYSTEMPATH\CodeIgniter.php(507): CodeIgniter\CodeIgniter->runController(Object(App\Controllers\Admin\Laporan))
 8 SYSTEMPATH\CodeIgniter.php(354): CodeIgniter\CodeIgniter->handleRequest(null, Object(Config\Cache), false)
 9 SYSTEMPATH\Boot.php(363): CodeIgniter\CodeIgniter->run()
10 SYSTEMPATH\Boot.php(68): CodeIgniter\Boot::runCodeIgniter(Object(CodeIgniter\CodeIgniter))
11 FCPATH\index.php(59): CodeIgniter\Boot::bootWeb(Object(Config\Paths))
12 SYSTEMPATH\rewrite.php(44): require_once('C:\\xampp\\htdocs\\pendaftaran-sanggar\\public\\index.php')
