DEBUG - 2025-10-20 06:41:12 --> Session: Class initialized using 'CodeIgniter\Session\Handlers\FileHandler' driver.
DEBUG - 2025-10-20 06:42:48 --> Session: Class initialized using 'CodeIgniter\Session\Handlers\FileHandler' driver.
DEBUG - 2025-10-20 06:50:00 --> Session: Class initialized using 'CodeIgniter\Session\Handlers\FileHandler' driver.
DEBUG - 2025-10-20 06:50:04 --> Session: Class initialized using 'CodeIgniter\Session\Handlers\FileHandler' driver.
DEBUG - 2025-10-20 06:50:06 --> Session: Class initialized using 'CodeIgniter\Session\Handlers\FileHandler' driver.
DEBUG - 2025-10-20 06:51:00 --> Session: Class initialized using 'CodeIgniter\Session\Handlers\FileHandler' driver.
DEBUG - 2025-10-20 06:51:12 --> Session: Class initialized using 'CodeIgniter\Session\Handlers\FileHandler' driver.
DEBUG - 2025-10-20 06:51:24 --> Session: Class initialized using 'CodeIgniter\Session\Handlers\FileHandler' driver.
DEBUG - 2025-10-20 07:04:47 --> Session: Class initialized using 'CodeIgniter\Session\Handlers\FileHandler' driver.
DEBUG - 2025-10-20 07:04:58 --> Session: Class initialized using 'CodeIgniter\Session\Handlers\FileHandler' driver.
DEBUG - 2025-10-20 07:05:06 --> Session: Class initialized using 'CodeIgniter\Session\Handlers\FileHandler' driver.
DEBUG - 2025-10-20 07:06:20 --> Session: Class initialized using 'CodeIgniter\Session\Handlers\FileHandler' driver.
DEBUG - 2025-10-20 07:22:10 --> Session: Class initialized using 'CodeIgniter\Session\Handlers\FileHandler' driver.
DEBUG - 2025-10-20 07:24:26 --> Session: Class initialized using 'CodeIgniter\Session\Handlers\FileHandler' driver.
DEBUG - 2025-10-20 07:44:16 --> Session: Class initialized using 'CodeIgniter\Session\Handlers\FileHandler' driver.
DEBUG - 2025-10-20 07:52:04 --> Session: Class initialized using 'CodeIgniter\Session\Handlers\FileHandler' driver.
DEBUG - 2025-10-20 08:26:42 --> Session: Class initialized using 'CodeIgniter\Session\Handlers\FileHandler' driver.
CRITICAL - 2025-10-20 08:26:43 --> ErrorException: Undefined array key "kelas"
[Method: GET, Route: admin/anggota]
in APPPATH\Views\admin\anggota\index.php on line 40.
 1 APPPATH\Views\admin\anggota\index.php(40): CodeIgniter\Debug\Exceptions->errorHandler(2, 'Undefined array key "kelas"', 'C:\\xampp\\htdocs\\pendaftaran-sanggar\\app\\Views\\admin\\anggota\\index.php', 40)
 2 SYSTEMPATH\View\View.php(226): include('C:\\xampp\\htdocs\\pendaftaran-sanggar\\app\\Views\\admin\\anggota\\index.php')
 3 SYSTEMPATH\View\View.php(229): CodeIgniter\View\View->CodeIgniter\View\{closure}()
 4 SYSTEMPATH\Common.php(1167): CodeIgniter\View\View->render('admin/anggota/index', [], true)
 5 APPPATH\Controllers\Admin\Anggota.php(16): view('admin/anggota/index', [...])
 6 SYSTEMPATH\CodeIgniter.php(933): App\Controllers\Admin\Anggota->index()
 7 SYSTEMPATH\CodeIgniter.php(507): CodeIgniter\CodeIgniter->runController(Object(App\Controllers\Admin\Anggota))
 8 SYSTEMPATH\CodeIgniter.php(354): CodeIgniter\CodeIgniter->handleRequest(null, Object(Config\Cache), false)
 9 SYSTEMPATH\Boot.php(363): CodeIgniter\CodeIgniter->run()
10 SYSTEMPATH\Boot.php(68): CodeIgniter\Boot::runCodeIgniter(Object(CodeIgniter\CodeIgniter))
11 FCPATH\index.php(59): CodeIgniter\Boot::bootWeb(Object(Config\Paths))
12 SYSTEMPATH\rewrite.php(44): require_once('C:\\xampp\\htdocs\\pendaftaran-sanggar\\public\\index.php')
DEBUG - 2025-10-20 08:28:53 --> Session: Class initialized using 'CodeIgniter\Session\Handlers\FileHandler' driver.
DEBUG - 2025-10-20 08:29:01 --> Session: Class initialized using 'CodeIgniter\Session\Handlers\FileHandler' driver.
DEBUG - 2025-10-20 08:29:58 --> Session: Class initialized using 'CodeIgniter\Session\Handlers\FileHandler' driver.
DEBUG - 2025-10-20 08:52:51 --> Session: Class initialized using 'CodeIgniter\Session\Handlers\FileHandler' driver.
DEBUG - 2025-10-20 08:53:51 --> Session: Class initialized using 'CodeIgniter\Session\Handlers\FileHandler' driver.
CRITICAL - 2025-10-20 08:53:51 --> ErrorException: Undefined variable $kelas_list
[Method: GET, Route: admin/anggota/create]
in APPPATH\Views\admin\anggota\form.php on line 63.
 1 APPPATH\Views\admin\anggota\form.php(63): CodeIgniter\Debug\Exceptions->errorHandler(2, 'Undefined variable $kelas_list', 'C:\\xampp\\htdocs\\pendaftaran-sanggar\\app\\Views\\admin\\anggota\\form.php', 63)
 2 SYSTEMPATH\View\View.php(226): include('C:\\xampp\\htdocs\\pendaftaran-sanggar\\app\\Views\\admin\\anggota\\form.php')
 3 SYSTEMPATH\View\View.php(229): CodeIgniter\View\View->CodeIgniter\View\{closure}()
 4 SYSTEMPATH\Common.php(1167): CodeIgniter\View\View->render('admin/anggota/form', [], true)
 5 APPPATH\Controllers\Admin\Anggota.php(26): view('admin/anggota/form', [...])
 6 SYSTEMPATH\CodeIgniter.php(933): App\Controllers\Admin\Anggota->create()
 7 SYSTEMPATH\CodeIgniter.php(507): CodeIgniter\CodeIgniter->runController(Object(App\Controllers\Admin\Anggota))
 8 SYSTEMPATH\CodeIgniter.php(354): CodeIgniter\CodeIgniter->handleRequest(null, Object(Config\Cache), false)
 9 SYSTEMPATH\Boot.php(363): CodeIgniter\CodeIgniter->run()
10 SYSTEMPATH\Boot.php(68): CodeIgniter\Boot::runCodeIgniter(Object(CodeIgniter\CodeIgniter))
11 FCPATH\index.php(59): CodeIgniter\Boot::bootWeb(Object(Config\Paths))
12 SYSTEMPATH\rewrite.php(44): require_once('C:\\xampp\\htdocs\\pendaftaran-sanggar\\public\\index.php')
DEBUG - 2025-10-20 08:54:30 --> Session: Class initialized using 'CodeIgniter\Session\Handlers\FileHandler' driver.
DEBUG - 2025-10-20 08:56:41 --> Session: Class initialized using 'CodeIgniter\Session\Handlers\FileHandler' driver.
DEBUG - 2025-10-20 08:56:41 --> Session: Class initialized using 'CodeIgniter\Session\Handlers\FileHandler' driver.
DEBUG - 2025-10-20 08:56:50 --> Session: Class initialized using 'CodeIgniter\Session\Handlers\FileHandler' driver.
DEBUG - 2025-10-20 08:56:50 --> Session: Class initialized using 'CodeIgniter\Session\Handlers\FileHandler' driver.
DEBUG - 2025-10-20 08:57:06 --> Session: Class initialized using 'CodeIgniter\Session\Handlers\FileHandler' driver.
DEBUG - 2025-10-20 08:57:27 --> Session: Class initialized using 'CodeIgniter\Session\Handlers\FileHandler' driver.
DEBUG - 2025-10-20 09:01:13 --> Session: Class initialized using 'CodeIgniter\Session\Handlers\FileHandler' driver.
DEBUG - 2025-10-20 09:01:17 --> Session: Class initialized using 'CodeIgniter\Session\Handlers\FileHandler' driver.
DEBUG - 2025-10-20 09:01:20 --> Session: Class initialized using 'CodeIgniter\Session\Handlers\FileHandler' driver.
DEBUG - 2025-10-20 09:01:23 --> Session: Class initialized using 'CodeIgniter\Session\Handlers\FileHandler' driver.
DEBUG - 2025-10-20 09:01:40 --> Session: Class initialized using 'CodeIgniter\Session\Handlers\FileHandler' driver.
DEBUG - 2025-10-20 09:01:40 --> Session: Class initialized using 'CodeIgniter\Session\Handlers\FileHandler' driver.
DEBUG - 2025-10-20 09:35:07 --> Session: Class initialized using 'CodeIgniter\Session\Handlers\FileHandler' driver.
DEBUG - 2025-10-20 09:35:10 --> Session: Class initialized using 'CodeIgniter\Session\Handlers\FileHandler' driver.
DEBUG - 2025-10-20 09:35:13 --> Session: Class initialized using 'CodeIgniter\Session\Handlers\FileHandler' driver.
CRITICAL - 2025-10-20 09:38:10 --> Error: Class "Dompdf\Options" not found
[Method: GET, Route: admin/jadwal/cetak/4]
in APPPATH\Controllers\Admin\Jadwal.php on line 52.
 1 SYSTEMPATH\CodeIgniter.php(933): App\Controllers\Admin\Jadwal->cetak('4')
 2 SYSTEMPATH\CodeIgniter.php(507): CodeIgniter\CodeIgniter->runController(Object(App\Controllers\Admin\Jadwal))
 3 SYSTEMPATH\CodeIgniter.php(354): CodeIgniter\CodeIgniter->handleRequest(null, Object(Config\Cache), false)
 4 SYSTEMPATH\Boot.php(363): CodeIgniter\CodeIgniter->run()
 5 SYSTEMPATH\Boot.php(68): CodeIgniter\Boot::runCodeIgniter(Object(CodeIgniter\CodeIgniter))
 6 FCPATH\index.php(59): CodeIgniter\Boot::bootWeb(Object(Config\Paths))
 7 SYSTEMPATH\rewrite.php(44): require_once('C:\\xampp\\htdocs\\pendaftaran-sanggar\\public\\index.php')
ERROR - 2025-10-20 10:04:04 --> mysqli_sql_exception: Unknown column 'pelatih.nama_pelatih' in 'field list' in C:\xampp\htdocs\pendaftaran-sanggar\system\Database\MySQLi\Connection.php:327
Stack trace:
#0 C:\xampp\htdocs\pendaftaran-sanggar\system\Database\MySQLi\Connection.php(327): mysqli->query('SELECT `kelas`....', 0)
#1 C:\xampp\htdocs\pendaftaran-sanggar\system\Database\BaseConnection.php(729): CodeIgniter\Database\MySQLi\Connection->execute('SELECT `kelas`....')
#2 C:\xampp\htdocs\pendaftaran-sanggar\system\Database\BaseConnection.php(646): CodeIgniter\Database\BaseConnection->simpleQuery('SELECT `kelas`....')
#3 C:\xampp\htdocs\pendaftaran-sanggar\system\Database\BaseBuilder.php(1649): CodeIgniter\Database\BaseConnection->query('SELECT `kelas`....', Array, false)
#4 C:\xampp\htdocs\pendaftaran-sanggar\app\Models\JadwalModel.php(51): CodeIgniter\Database\BaseBuilder->get()
#5 C:\xampp\htdocs\pendaftaran-sanggar\app\Controllers\Admin\Jadwal.php(52): App\Models\JadwalModel->getKelasWithPelatih('5')
#6 C:\xampp\htdocs\pendaftaran-sanggar\system\CodeIgniter.php(933): App\Controllers\Admin\Jadwal->cetak('5')
#7 C:\xampp\htdocs\pendaftaran-sanggar\system\CodeIgniter.php(507): CodeIgniter\CodeIgniter->runController(Object(App\Controllers\Admin\Jadwal))
#8 C:\xampp\htdocs\pendaftaran-sanggar\system\CodeIgniter.php(354): CodeIgniter\CodeIgniter->handleRequest(NULL, Object(Config\Cache), false)
#9 C:\xampp\htdocs\pendaftaran-sanggar\system\Boot.php(363): CodeIgniter\CodeIgniter->run()
#10 C:\xampp\htdocs\pendaftaran-sanggar\system\Boot.php(68): CodeIgniter\Boot::runCodeIgniter(Object(CodeIgniter\CodeIgniter))
#11 C:\xampp\htdocs\pendaftaran-sanggar\public\index.php(59): CodeIgniter\Boot::bootWeb(Object(Config\Paths))
#12 C:\xampp\htdocs\pendaftaran-sanggar\system\rewrite.php(44): require_once('C:\\xampp\\htdocs...')
#13 {main}
CRITICAL - 2025-10-20 10:04:04 --> CodeIgniter\Database\Exceptions\DatabaseException: Unknown column 'pelatih.nama_pelatih' in 'field list'
[Method: GET, Route: admin/jadwal/cetak/5]
in SYSTEMPATH\Database\BaseConnection.php on line 684.
 1 SYSTEMPATH\Database\BaseBuilder.php(1649): CodeIgniter\Database\BaseConnection->query('SELECT `kelas`.*, `pelatih`.`nama_pelatih`
FROM `kelas`
JOIN `pelatih` ON `pelatih`.`id_pelatih` = `kelas`.`id_pelatih`
WHERE `kelas`.`id_kelas` = :kelas.id_kelas:', [...], false)
 2 APPPATH\Models\JadwalModel.php(51): CodeIgniter\Database\BaseBuilder->get()
 3 APPPATH\Controllers\Admin\Jadwal.php(52): App\Models\JadwalModel->getKelasWithPelatih('5')
 4 SYSTEMPATH\CodeIgniter.php(933): App\Controllers\Admin\Jadwal->cetak('5')
 5 SYSTEMPATH\CodeIgniter.php(507): CodeIgniter\CodeIgniter->runController(Object(App\Controllers\Admin\Jadwal))
 6 SYSTEMPATH\CodeIgniter.php(354): CodeIgniter\CodeIgniter->handleRequest(null, Object(Config\Cache), false)
 7 SYSTEMPATH\Boot.php(363): CodeIgniter\CodeIgniter->run()
 8 SYSTEMPATH\Boot.php(68): CodeIgniter\Boot::runCodeIgniter(Object(CodeIgniter\CodeIgniter))
 9 FCPATH\index.php(59): CodeIgniter\Boot::bootWeb(Object(Config\Paths))
10 SYSTEMPATH\rewrite.php(44): require_once('C:\\xampp\\htdocs\\pendaftaran-sanggar\\public\\index.php')
CRITICAL - 2025-10-20 10:04:04 --> [Caused by] CodeIgniter\Database\Exceptions\DatabaseException: Unknown column 'pelatih.nama_pelatih' in 'field list'
in SYSTEMPATH\Database\MySQLi\Connection.php on line 332.
 1 SYSTEMPATH\Database\BaseConnection.php(729): CodeIgniter\Database\MySQLi\Connection->execute('SELECT `kelas`.*, `pelatih`.`nama_pelatih`
FROM `kelas`
JOIN `pelatih` ON `pelatih`.`id_pelatih` = `kelas`.`id_pelatih`
WHERE `kelas`.`id_kelas` = \'5\'')
 2 SYSTEMPATH\Database\BaseConnection.php(646): CodeIgniter\Database\BaseConnection->simpleQuery('SELECT `kelas`.*, `pelatih`.`nama_pelatih`
FROM `kelas`
JOIN `pelatih` ON `pelatih`.`id_pelatih` = `kelas`.`id_pelatih`
WHERE `kelas`.`id_kelas` = \'5\'')
 3 SYSTEMPATH\Database\BaseBuilder.php(1649): CodeIgniter\Database\BaseConnection->query('SELECT `kelas`.*, `pelatih`.`nama_pelatih`
FROM `kelas`
JOIN `pelatih` ON `pelatih`.`id_pelatih` = `kelas`.`id_pelatih`
WHERE `kelas`.`id_kelas` = :kelas.id_kelas:', [...], false)
 4 APPPATH\Models\JadwalModel.php(51): CodeIgniter\Database\BaseBuilder->get()
 5 APPPATH\Controllers\Admin\Jadwal.php(52): App\Models\JadwalModel->getKelasWithPelatih('5')
 6 SYSTEMPATH\CodeIgniter.php(933): App\Controllers\Admin\Jadwal->cetak('5')
 7 SYSTEMPATH\CodeIgniter.php(507): CodeIgniter\CodeIgniter->runController(Object(App\Controllers\Admin\Jadwal))
 8 SYSTEMPATH\CodeIgniter.php(354): CodeIgniter\CodeIgniter->handleRequest(null, Object(Config\Cache), false)
 9 SYSTEMPATH\Boot.php(363): CodeIgniter\CodeIgniter->run()
10 SYSTEMPATH\Boot.php(68): CodeIgniter\Boot::runCodeIgniter(Object(CodeIgniter\CodeIgniter))
11 FCPATH\index.php(59): CodeIgniter\Boot::bootWeb(Object(Config\Paths))
12 SYSTEMPATH\rewrite.php(44): require_once('C:\\xampp\\htdocs\\pendaftaran-sanggar\\public\\index.php')
CRITICAL - 2025-10-20 10:04:04 --> [Caused by] mysqli_sql_exception: Unknown column 'pelatih.nama_pelatih' in 'field list'
in SYSTEMPATH\Database\MySQLi\Connection.php on line 327.
 1 SYSTEMPATH\Database\MySQLi\Connection.php(327): mysqli->query('SELECT `kelas`.*, `pelatih`.`nama_pelatih`
FROM `kelas`
JOIN `pelatih` ON `pelatih`.`id_pelatih` = `kelas`.`id_pelatih`
WHERE `kelas`.`id_kelas` = \'5\'', 0)
 2 SYSTEMPATH\Database\BaseConnection.php(729): CodeIgniter\Database\MySQLi\Connection->execute('SELECT `kelas`.*, `pelatih`.`nama_pelatih`
FROM `kelas`
JOIN `pelatih` ON `pelatih`.`id_pelatih` = `kelas`.`id_pelatih`
WHERE `kelas`.`id_kelas` = \'5\'')
 3 SYSTEMPATH\Database\BaseConnection.php(646): CodeIgniter\Database\BaseConnection->simpleQuery('SELECT `kelas`.*, `pelatih`.`nama_pelatih`
FROM `kelas`
JOIN `pelatih` ON `pelatih`.`id_pelatih` = `kelas`.`id_pelatih`
WHERE `kelas`.`id_kelas` = \'5\'')
 4 SYSTEMPATH\Database\BaseBuilder.php(1649): CodeIgniter\Database\BaseConnection->query('SELECT `kelas`.*, `pelatih`.`nama_pelatih`
FROM `kelas`
JOIN `pelatih` ON `pelatih`.`id_pelatih` = `kelas`.`id_pelatih`
WHERE `kelas`.`id_kelas` = :kelas.id_kelas:', [...], false)
 5 APPPATH\Models\JadwalModel.php(51): CodeIgniter\Database\BaseBuilder->get()
 6 APPPATH\Controllers\Admin\Jadwal.php(52): App\Models\JadwalModel->getKelasWithPelatih('5')
 7 SYSTEMPATH\CodeIgniter.php(933): App\Controllers\Admin\Jadwal->cetak('5')
 8 SYSTEMPATH\CodeIgniter.php(507): CodeIgniter\CodeIgniter->runController(Object(App\Controllers\Admin\Jadwal))
 9 SYSTEMPATH\CodeIgniter.php(354): CodeIgniter\CodeIgniter->handleRequest(null, Object(Config\Cache), false)
10 SYSTEMPATH\Boot.php(363): CodeIgniter\CodeIgniter->run()
11 SYSTEMPATH\Boot.php(68): CodeIgniter\Boot::runCodeIgniter(Object(CodeIgniter\CodeIgniter))
12 FCPATH\index.php(59): CodeIgniter\Boot::bootWeb(Object(Config\Paths))
13 SYSTEMPATH\rewrite.php(44): require_once('C:\\xampp\\htdocs\\pendaftaran-sanggar\\public\\index.php')
DEBUG - 2025-10-20 10:11:28 --> Session: Class initialized using 'CodeIgniter\Session\Handlers\FileHandler' driver.
DEBUG - 2025-10-20 10:11:40 --> Session: Class initialized using 'CodeIgniter\Session\Handlers\FileHandler' driver.
DEBUG - 2025-10-20 10:11:46 --> Session: Class initialized using 'CodeIgniter\Session\Handlers\FileHandler' driver.
DEBUG - 2025-10-20 10:13:06 --> Session: Class initialized using 'CodeIgniter\Session\Handlers\FileHandler' driver.
DEBUG - 2025-10-20 10:13:06 --> Session: Class initialized using 'CodeIgniter\Session\Handlers\FileHandler' driver.
DEBUG - 2025-10-20 13:32:44 --> Session: Class initialized using 'CodeIgniter\Session\Handlers\FileHandler' driver.
DEBUG - 2025-10-20 13:32:44 --> Session: Class initialized using 'CodeIgniter\Session\Handlers\FileHandler' driver.
DEBUG - 2025-10-20 13:32:48 --> Session: Class initialized using 'CodeIgniter\Session\Handlers\FileHandler' driver.
DEBUG - 2025-10-20 13:33:28 --> Session: Class initialized using 'CodeIgniter\Session\Handlers\FileHandler' driver.
DEBUG - 2025-10-20 13:33:44 --> Session: Class initialized using 'CodeIgniter\Session\Handlers\FileHandler' driver.
DEBUG - 2025-10-20 13:33:46 --> Session: Class initialized using 'CodeIgniter\Session\Handlers\FileHandler' driver.
DEBUG - 2025-10-20 13:41:56 --> Session: Class initialized using 'CodeIgniter\Session\Handlers\FileHandler' driver.
DEBUG - 2025-10-20 13:42:00 --> Session: Class initialized using 'CodeIgniter\Session\Handlers\FileHandler' driver.
DEBUG - 2025-10-20 13:42:00 --> Session: Class initialized using 'CodeIgniter\Session\Handlers\FileHandler' driver.
DEBUG - 2025-10-20 13:42:04 --> Session: Class initialized using 'CodeIgniter\Session\Handlers\FileHandler' driver.
DEBUG - 2025-10-20 13:42:09 --> Session: Class initialized using 'CodeIgniter\Session\Handlers\FileHandler' driver.
DEBUG - 2025-10-20 13:42:12 --> Session: Class initialized using 'CodeIgniter\Session\Handlers\FileHandler' driver.
DEBUG - 2025-10-20 13:42:15 --> Session: Class initialized using 'CodeIgniter\Session\Handlers\FileHandler' driver.
DEBUG - 2025-10-20 13:42:15 --> Session: Class initialized using 'CodeIgniter\Session\Handlers\FileHandler' driver.
DEBUG - 2025-10-20 13:42:53 --> Session: Class initialized using 'CodeIgniter\Session\Handlers\FileHandler' driver.
DEBUG - 2025-10-20 13:42:57 --> Session: Class initialized using 'CodeIgniter\Session\Handlers\FileHandler' driver.
CRITICAL - 2025-10-20 13:57:37 --> ErrorException: Undefined array key "nama_anggota"
[Method: GET, Route: admin/kehadiran]
in APPPATH\Views\admin\kehadiran\form.php on line 21.
 1 APPPATH\Views\admin\kehadiran\form.php(21): CodeIgniter\Debug\Exceptions->errorHandler(2, 'Undefined array key "nama_anggota"', 'C:\\xampp\\htdocs\\pendaftaran-sanggar\\app\\Views\\admin\\kehadiran\\form.php', 21)
 2 SYSTEMPATH\View\View.php(226): include('C:\\xampp\\htdocs\\pendaftaran-sanggar\\app\\Views\\admin\\kehadiran\\form.php')
 3 SYSTEMPATH\View\View.php(229): CodeIgniter\View\View->CodeIgniter\View\{closure}()
 4 SYSTEMPATH\Common.php(1167): CodeIgniter\View\View->render('admin/kehadiran/form', [], true)
 5 APPPATH\Controllers\Admin\Kehadiran.php(44): view('admin/kehadiran/form', [...])
 6 SYSTEMPATH\CodeIgniter.php(933): App\Controllers\Admin\Kehadiran->index()
 7 SYSTEMPATH\CodeIgniter.php(507): CodeIgniter\CodeIgniter->runController(Object(App\Controllers\Admin\Kehadiran))
 8 SYSTEMPATH\CodeIgniter.php(354): CodeIgniter\CodeIgniter->handleRequest(null, Object(Config\Cache), false)
 9 SYSTEMPATH\Boot.php(363): CodeIgniter\CodeIgniter->run()
10 SYSTEMPATH\Boot.php(68): CodeIgniter\Boot::runCodeIgniter(Object(CodeIgniter\CodeIgniter))
11 FCPATH\index.php(59): CodeIgniter\Boot::bootWeb(Object(Config\Paths))
12 SYSTEMPATH\rewrite.php(44): require_once('C:\\xampp\\htdocs\\pendaftaran-sanggar\\public\\index.php')
CRITICAL - 2025-10-20 13:58:34 --> ErrorException: Undefined array key "nama_anggota"
[Method: GET, Route: admin/kehadiran]
in APPPATH\Views\admin\kehadiran\form.php on line 21.
 1 APPPATH\Views\admin\kehadiran\form.php(21): CodeIgniter\Debug\Exceptions->errorHandler(2, 'Undefined array key "nama_anggota"', 'C:\\xampp\\htdocs\\pendaftaran-sanggar\\app\\Views\\admin\\kehadiran\\form.php', 21)
 2 SYSTEMPATH\View\View.php(226): include('C:\\xampp\\htdocs\\pendaftaran-sanggar\\app\\Views\\admin\\kehadiran\\form.php')
 3 SYSTEMPATH\View\View.php(229): CodeIgniter\View\View->CodeIgniter\View\{closure}()
 4 SYSTEMPATH\Common.php(1167): CodeIgniter\View\View->render('admin/kehadiran/form', [], true)
 5 APPPATH\Controllers\Admin\Kehadiran.php(44): view('admin/kehadiran/form', [...])
 6 SYSTEMPATH\CodeIgniter.php(933): App\Controllers\Admin\Kehadiran->index()
 7 SYSTEMPATH\CodeIgniter.php(507): CodeIgniter\CodeIgniter->runController(Object(App\Controllers\Admin\Kehadiran))
 8 SYSTEMPATH\CodeIgniter.php(354): CodeIgniter\CodeIgniter->handleRequest(null, Object(Config\Cache), false)
 9 SYSTEMPATH\Boot.php(363): CodeIgniter\CodeIgniter->run()
10 SYSTEMPATH\Boot.php(68): CodeIgniter\Boot::runCodeIgniter(Object(CodeIgniter\CodeIgniter))
11 FCPATH\index.php(59): CodeIgniter\Boot::bootWeb(Object(Config\Paths))
12 SYSTEMPATH\rewrite.php(44): require_once('C:\\xampp\\htdocs\\pendaftaran-sanggar\\public\\index.php')
DEBUG - 2025-10-20 14:06:44 --> Session: Class initialized using 'CodeIgniter\Session\Handlers\FileHandler' driver.
DEBUG - 2025-10-20 14:06:45 --> Session: Class initialized using 'CodeIgniter\Session\Handlers\FileHandler' driver.
DEBUG - 2025-10-20 14:06:47 --> Session: Class initialized using 'CodeIgniter\Session\Handlers\FileHandler' driver.
DEBUG - 2025-10-20 14:06:47 --> Session: Class initialized using 'CodeIgniter\Session\Handlers\FileHandler' driver.
DEBUG - 2025-10-20 14:07:23 --> Session: Class initialized using 'CodeIgniter\Session\Handlers\FileHandler' driver.
DEBUG - 2025-10-20 14:07:29 --> Session: Class initialized using 'CodeIgniter\Session\Handlers\FileHandler' driver.
DEBUG - 2025-10-20 14:07:32 --> Session: Class initialized using 'CodeIgniter\Session\Handlers\FileHandler' driver.
DEBUG - 2025-10-20 14:07:32 --> Session: Class initialized using 'CodeIgniter\Session\Handlers\FileHandler' driver.
ERROR - 2025-10-20 14:13:14 --> mysqli_sql_exception: Cannot add or update a child row: a foreign key constraint fails (`gayatri_art`.`kehadiran`, CONSTRAINT `kehadiran_ibfk_2` FOREIGN KEY (`id_kelas`) REFERENCES `kelas` (`id_kelas`) ON DELETE CASCADE) in C:\xampp\htdocs\pendaftaran-sanggar\system\Database\MySQLi\Connection.php:327
Stack trace:
#0 C:\xampp\htdocs\pendaftaran-sanggar\system\Database\MySQLi\Connection.php(327): mysqli->query('INSERT INTO `ke...', 0)
#1 C:\xampp\htdocs\pendaftaran-sanggar\system\Database\BaseConnection.php(729): CodeIgniter\Database\MySQLi\Connection->execute('INSERT INTO `ke...')
#2 C:\xampp\htdocs\pendaftaran-sanggar\system\Database\BaseConnection.php(646): CodeIgniter\Database\BaseConnection->simpleQuery('INSERT INTO `ke...')
#3 C:\xampp\htdocs\pendaftaran-sanggar\system\Database\BaseBuilder.php(1841): CodeIgniter\Database\BaseConnection->query('INSERT INTO `ke...', NULL, false)
#4 C:\xampp\htdocs\pendaftaran-sanggar\system\Database\BaseBuilder.php(2230): CodeIgniter\Database\BaseBuilder->batchExecute('_insertBatch', 100)
#5 C:\xampp\htdocs\pendaftaran-sanggar\system\Model.php(428): CodeIgniter\Database\BaseBuilder->insertBatch(Array, NULL, 100)
#6 C:\xampp\htdocs\pendaftaran-sanggar\system\BaseModel.php(957): CodeIgniter\Model->doInsertBatch(Array, NULL, 100, false)
#7 C:\xampp\htdocs\pendaftaran-sanggar\app\Controllers\Admin\Kehadiran.php(62): CodeIgniter\BaseModel->insertBatch(Array)
#8 C:\xampp\htdocs\pendaftaran-sanggar\system\CodeIgniter.php(933): App\Controllers\Admin\Kehadiran->simpan()
#9 C:\xampp\htdocs\pendaftaran-sanggar\system\CodeIgniter.php(507): CodeIgniter\CodeIgniter->runController(Object(App\Controllers\Admin\Kehadiran))
#10 C:\xampp\htdocs\pendaftaran-sanggar\system\CodeIgniter.php(354): CodeIgniter\CodeIgniter->handleRequest(NULL, Object(Config\Cache), false)
#11 C:\xampp\htdocs\pendaftaran-sanggar\system\Boot.php(363): CodeIgniter\CodeIgniter->run()
#12 C:\xampp\htdocs\pendaftaran-sanggar\system\Boot.php(68): CodeIgniter\Boot::runCodeIgniter(Object(CodeIgniter\CodeIgniter))
#13 C:\xampp\htdocs\pendaftaran-sanggar\public\index.php(59): CodeIgniter\Boot::bootWeb(Object(Config\Paths))
#14 C:\xampp\htdocs\pendaftaran-sanggar\system\rewrite.php(44): require_once('C:\\xampp\\htdocs...')
#15 {main}
CRITICAL - 2025-10-20 14:13:14 --> CodeIgniter\Database\Exceptions\DatabaseException: Cannot add or update a child row: a foreign key constraint fails (`gayatri_art`.`kehadiran`, CONSTRAINT `kehadiran_ibfk_2` FOREIGN KEY (`id_kelas`) REFERENCES `kelas` (`id_kelas`) ON DELETE CASCADE)
[Method: POST, Route: admin/kehadiran/simpan]
in SYSTEMPATH\Database\BaseConnection.php on line 684.
 1 SYSTEMPATH\Database\BaseBuilder.php(1841): CodeIgniter\Database\BaseConnection->query('INSERT INTO `kehadiran` (`id_anggota`, `keterangan`, `status`, `tanggal`)
VALUES (1,\'ijin\',\'tidak Hadir\',\'2025-10-20\'), (4,\'\',\'hadir\',\'2025-10-20\'), (5,\'\',\'hadir\',\'2025-10-20\')', null, false)
 2 SYSTEMPATH\Database\BaseBuilder.php(2230): CodeIgniter\Database\BaseBuilder->batchExecute('_insertBatch', 100)
 3 SYSTEMPATH\Model.php(428): CodeIgniter\Database\BaseBuilder->insertBatch([...], null, 100)
 4 SYSTEMPATH\BaseModel.php(957): CodeIgniter\Model->doInsertBatch([...], null, 100, false)
 5 APPPATH\Controllers\Admin\Kehadiran.php(62): CodeIgniter\BaseModel->insertBatch([...])
 6 SYSTEMPATH\CodeIgniter.php(933): App\Controllers\Admin\Kehadiran->simpan()
 7 SYSTEMPATH\CodeIgniter.php(507): CodeIgniter\CodeIgniter->runController(Object(App\Controllers\Admin\Kehadiran))
 8 SYSTEMPATH\CodeIgniter.php(354): CodeIgniter\CodeIgniter->handleRequest(null, Object(Config\Cache), false)
 9 SYSTEMPATH\Boot.php(363): CodeIgniter\CodeIgniter->run()
10 SYSTEMPATH\Boot.php(68): CodeIgniter\Boot::runCodeIgniter(Object(CodeIgniter\CodeIgniter))
11 FCPATH\index.php(59): CodeIgniter\Boot::bootWeb(Object(Config\Paths))
12 SYSTEMPATH\rewrite.php(44): require_once('C:\\xampp\\htdocs\\pendaftaran-sanggar\\public\\index.php')
CRITICAL - 2025-10-20 14:13:14 --> [Caused by] CodeIgniter\Database\Exceptions\DatabaseException: Cannot add or update a child row: a foreign key constraint fails (`gayatri_art`.`kehadiran`, CONSTRAINT `kehadiran_ibfk_2` FOREIGN KEY (`id_kelas`) REFERENCES `kelas` (`id_kelas`) ON DELETE CASCADE)
in SYSTEMPATH\Database\MySQLi\Connection.php on line 332.
 1 SYSTEMPATH\Database\BaseConnection.php(729): CodeIgniter\Database\MySQLi\Connection->execute('INSERT INTO `kehadiran` (`id_anggota`, `keterangan`, `status`, `tanggal`)
VALUES (1,\'ijin\',\'tidak Hadir\',\'2025-10-20\'), (4,\'\',\'hadir\',\'2025-10-20\'), (5,\'\',\'hadir\',\'2025-10-20\')')
 2 SYSTEMPATH\Database\BaseConnection.php(646): CodeIgniter\Database\BaseConnection->simpleQuery('INSERT INTO `kehadiran` (`id_anggota`, `keterangan`, `status`, `tanggal`)
VALUES (1,\'ijin\',\'tidak Hadir\',\'2025-10-20\'), (4,\'\',\'hadir\',\'2025-10-20\'), (5,\'\',\'hadir\',\'2025-10-20\')')
 3 SYSTEMPATH\Database\BaseBuilder.php(1841): CodeIgniter\Database\BaseConnection->query('INSERT INTO `kehadiran` (`id_anggota`, `keterangan`, `status`, `tanggal`)
VALUES (1,\'ijin\',\'tidak Hadir\',\'2025-10-20\'), (4,\'\',\'hadir\',\'2025-10-20\'), (5,\'\',\'hadir\',\'2025-10-20\')', null, false)
 4 SYSTEMPATH\Database\BaseBuilder.php(2230): CodeIgniter\Database\BaseBuilder->batchExecute('_insertBatch', 100)
 5 SYSTEMPATH\Model.php(428): CodeIgniter\Database\BaseBuilder->insertBatch([...], null, 100)
 6 SYSTEMPATH\BaseModel.php(957): CodeIgniter\Model->doInsertBatch([...], null, 100, false)
 7 APPPATH\Controllers\Admin\Kehadiran.php(62): CodeIgniter\BaseModel->insertBatch([...])
 8 SYSTEMPATH\CodeIgniter.php(933): App\Controllers\Admin\Kehadiran->simpan()
 9 SYSTEMPATH\CodeIgniter.php(507): CodeIgniter\CodeIgniter->runController(Object(App\Controllers\Admin\Kehadiran))
10 SYSTEMPATH\CodeIgniter.php(354): CodeIgniter\CodeIgniter->handleRequest(null, Object(Config\Cache), false)
11 SYSTEMPATH\Boot.php(363): CodeIgniter\CodeIgniter->run()
12 SYSTEMPATH\Boot.php(68): CodeIgniter\Boot::runCodeIgniter(Object(CodeIgniter\CodeIgniter))
13 FCPATH\index.php(59): CodeIgniter\Boot::bootWeb(Object(Config\Paths))
14 SYSTEMPATH\rewrite.php(44): require_once('C:\\xampp\\htdocs\\pendaftaran-sanggar\\public\\index.php')
CRITICAL - 2025-10-20 14:13:14 --> [Caused by] mysqli_sql_exception: Cannot add or update a child row: a foreign key constraint fails (`gayatri_art`.`kehadiran`, CONSTRAINT `kehadiran_ibfk_2` FOREIGN KEY (`id_kelas`) REFERENCES `kelas` (`id_kelas`) ON DELETE CASCADE)
in SYSTEMPATH\Database\MySQLi\Connection.php on line 327.
 1 SYSTEMPATH\Database\MySQLi\Connection.php(327): mysqli->query('INSERT INTO `kehadiran` (`id_anggota`, `keterangan`, `status`, `tanggal`)
VALUES (1,\'ijin\',\'tidak Hadir\',\'2025-10-20\'), (4,\'\',\'hadir\',\'2025-10-20\'), (5,\'\',\'hadir\',\'2025-10-20\')', 0)
 2 SYSTEMPATH\Database\BaseConnection.php(729): CodeIgniter\Database\MySQLi\Connection->execute('INSERT INTO `kehadiran` (`id_anggota`, `keterangan`, `status`, `tanggal`)
VALUES (1,\'ijin\',\'tidak Hadir\',\'2025-10-20\'), (4,\'\',\'hadir\',\'2025-10-20\'), (5,\'\',\'hadir\',\'2025-10-20\')')
 3 SYSTEMPATH\Database\BaseConnection.php(646): CodeIgniter\Database\BaseConnection->simpleQuery('INSERT INTO `kehadiran` (`id_anggota`, `keterangan`, `status`, `tanggal`)
VALUES (1,\'ijin\',\'tidak Hadir\',\'2025-10-20\'), (4,\'\',\'hadir\',\'2025-10-20\'), (5,\'\',\'hadir\',\'2025-10-20\')')
 4 SYSTEMPATH\Database\BaseBuilder.php(1841): CodeIgniter\Database\BaseConnection->query('INSERT INTO `kehadiran` (`id_anggota`, `keterangan`, `status`, `tanggal`)
VALUES (1,\'ijin\',\'tidak Hadir\',\'2025-10-20\'), (4,\'\',\'hadir\',\'2025-10-20\'), (5,\'\',\'hadir\',\'2025-10-20\')', null, false)
 5 SYSTEMPATH\Database\BaseBuilder.php(2230): CodeIgniter\Database\BaseBuilder->batchExecute('_insertBatch', 100)
 6 SYSTEMPATH\Model.php(428): CodeIgniter\Database\BaseBuilder->insertBatch([...], null, 100)
 7 SYSTEMPATH\BaseModel.php(957): CodeIgniter\Model->doInsertBatch([...], null, 100, false)
 8 APPPATH\Controllers\Admin\Kehadiran.php(62): CodeIgniter\BaseModel->insertBatch([...])
 9 SYSTEMPATH\CodeIgniter.php(933): App\Controllers\Admin\Kehadiran->simpan()
10 SYSTEMPATH\CodeIgniter.php(507): CodeIgniter\CodeIgniter->runController(Object(App\Controllers\Admin\Kehadiran))
11 SYSTEMPATH\CodeIgniter.php(354): CodeIgniter\CodeIgniter->handleRequest(null, Object(Config\Cache), false)
12 SYSTEMPATH\Boot.php(363): CodeIgniter\CodeIgniter->run()
13 SYSTEMPATH\Boot.php(68): CodeIgniter\Boot::runCodeIgniter(Object(CodeIgniter\CodeIgniter))
14 FCPATH\index.php(59): CodeIgniter\Boot::bootWeb(Object(Config\Paths))
15 SYSTEMPATH\rewrite.php(44): require_once('C:\\xampp\\htdocs\\pendaftaran-sanggar\\public\\index.php')
ERROR - 2025-10-20 14:18:46 --> mysqli_sql_exception: Cannot add or update a child row: a foreign key constraint fails (`gayatri_art`.`kehadiran`, CONSTRAINT `kehadiran_ibfk_2` FOREIGN KEY (`id_kelas`) REFERENCES `kelas` (`id_kelas`) ON DELETE CASCADE) in C:\xampp\htdocs\pendaftaran-sanggar\system\Database\MySQLi\Connection.php:327
Stack trace:
#0 C:\xampp\htdocs\pendaftaran-sanggar\system\Database\MySQLi\Connection.php(327): mysqli->query('INSERT INTO `ke...', 0)
#1 C:\xampp\htdocs\pendaftaran-sanggar\system\Database\BaseConnection.php(729): CodeIgniter\Database\MySQLi\Connection->execute('INSERT INTO `ke...')
#2 C:\xampp\htdocs\pendaftaran-sanggar\system\Database\BaseConnection.php(646): CodeIgniter\Database\BaseConnection->simpleQuery('INSERT INTO `ke...')
#3 C:\xampp\htdocs\pendaftaran-sanggar\system\Database\BaseBuilder.php(1841): CodeIgniter\Database\BaseConnection->query('INSERT INTO `ke...', NULL, false)
#4 C:\xampp\htdocs\pendaftaran-sanggar\system\Database\BaseBuilder.php(2230): CodeIgniter\Database\BaseBuilder->batchExecute('_insertBatch', 100)
#5 C:\xampp\htdocs\pendaftaran-sanggar\system\Model.php(428): CodeIgniter\Database\BaseBuilder->insertBatch(Array, NULL, 100)
#6 C:\xampp\htdocs\pendaftaran-sanggar\system\BaseModel.php(957): CodeIgniter\Model->doInsertBatch(Array, NULL, 100, false)
#7 C:\xampp\htdocs\pendaftaran-sanggar\app\Controllers\Admin\Kehadiran.php(62): CodeIgniter\BaseModel->insertBatch(Array)
#8 C:\xampp\htdocs\pendaftaran-sanggar\system\CodeIgniter.php(933): App\Controllers\Admin\Kehadiran->simpan()
#9 C:\xampp\htdocs\pendaftaran-sanggar\system\CodeIgniter.php(507): CodeIgniter\CodeIgniter->runController(Object(App\Controllers\Admin\Kehadiran))
#10 C:\xampp\htdocs\pendaftaran-sanggar\system\CodeIgniter.php(354): CodeIgniter\CodeIgniter->handleRequest(NULL, Object(Config\Cache), false)
#11 C:\xampp\htdocs\pendaftaran-sanggar\system\Boot.php(363): CodeIgniter\CodeIgniter->run()
#12 C:\xampp\htdocs\pendaftaran-sanggar\system\Boot.php(68): CodeIgniter\Boot::runCodeIgniter(Object(CodeIgniter\CodeIgniter))
#13 C:\xampp\htdocs\pendaftaran-sanggar\public\index.php(59): CodeIgniter\Boot::bootWeb(Object(Config\Paths))
#14 C:\xampp\htdocs\pendaftaran-sanggar\system\rewrite.php(44): require_once('C:\\xampp\\htdocs...')
#15 {main}
CRITICAL - 2025-10-20 14:18:46 --> CodeIgniter\Database\Exceptions\DatabaseException: Cannot add or update a child row: a foreign key constraint fails (`gayatri_art`.`kehadiran`, CONSTRAINT `kehadiran_ibfk_2` FOREIGN KEY (`id_kelas`) REFERENCES `kelas` (`id_kelas`) ON DELETE CASCADE)
[Method: POST, Route: admin/kehadiran/simpan]
in SYSTEMPATH\Database\BaseConnection.php on line 684.
 1 SYSTEMPATH\Database\BaseBuilder.php(1841): CodeIgniter\Database\BaseConnection->query('INSERT INTO `kehadiran` (`id_anggota`, `keterangan`, `status`, `tanggal`)
VALUES (1,\'ijin\',\'tidak Hadir\',\'2025-10-20\'), (4,\'\',\'hadir\',\'2025-10-20\'), (5,\'\',\'hadir\',\'2025-10-20\')', null, false)
 2 SYSTEMPATH\Database\BaseBuilder.php(2230): CodeIgniter\Database\BaseBuilder->batchExecute('_insertBatch', 100)
 3 SYSTEMPATH\Model.php(428): CodeIgniter\Database\BaseBuilder->insertBatch([...], null, 100)
 4 SYSTEMPATH\BaseModel.php(957): CodeIgniter\Model->doInsertBatch([...], null, 100, false)
 5 APPPATH\Controllers\Admin\Kehadiran.php(62): CodeIgniter\BaseModel->insertBatch([...])
 6 SYSTEMPATH\CodeIgniter.php(933): App\Controllers\Admin\Kehadiran->simpan()
 7 SYSTEMPATH\CodeIgniter.php(507): CodeIgniter\CodeIgniter->runController(Object(App\Controllers\Admin\Kehadiran))
 8 SYSTEMPATH\CodeIgniter.php(354): CodeIgniter\CodeIgniter->handleRequest(null, Object(Config\Cache), false)
 9 SYSTEMPATH\Boot.php(363): CodeIgniter\CodeIgniter->run()
10 SYSTEMPATH\Boot.php(68): CodeIgniter\Boot::runCodeIgniter(Object(CodeIgniter\CodeIgniter))
11 FCPATH\index.php(59): CodeIgniter\Boot::bootWeb(Object(Config\Paths))
12 SYSTEMPATH\rewrite.php(44): require_once('C:\\xampp\\htdocs\\pendaftaran-sanggar\\public\\index.php')
CRITICAL - 2025-10-20 14:18:46 --> [Caused by] CodeIgniter\Database\Exceptions\DatabaseException: Cannot add or update a child row: a foreign key constraint fails (`gayatri_art`.`kehadiran`, CONSTRAINT `kehadiran_ibfk_2` FOREIGN KEY (`id_kelas`) REFERENCES `kelas` (`id_kelas`) ON DELETE CASCADE)
in SYSTEMPATH\Database\MySQLi\Connection.php on line 332.
 1 SYSTEMPATH\Database\BaseConnection.php(729): CodeIgniter\Database\MySQLi\Connection->execute('INSERT INTO `kehadiran` (`id_anggota`, `keterangan`, `status`, `tanggal`)
VALUES (1,\'ijin\',\'tidak Hadir\',\'2025-10-20\'), (4,\'\',\'hadir\',\'2025-10-20\'), (5,\'\',\'hadir\',\'2025-10-20\')')
 2 SYSTEMPATH\Database\BaseConnection.php(646): CodeIgniter\Database\BaseConnection->simpleQuery('INSERT INTO `kehadiran` (`id_anggota`, `keterangan`, `status`, `tanggal`)
VALUES (1,\'ijin\',\'tidak Hadir\',\'2025-10-20\'), (4,\'\',\'hadir\',\'2025-10-20\'), (5,\'\',\'hadir\',\'2025-10-20\')')
 3 SYSTEMPATH\Database\BaseBuilder.php(1841): CodeIgniter\Database\BaseConnection->query('INSERT INTO `kehadiran` (`id_anggota`, `keterangan`, `status`, `tanggal`)
VALUES (1,\'ijin\',\'tidak Hadir\',\'2025-10-20\'), (4,\'\',\'hadir\',\'2025-10-20\'), (5,\'\',\'hadir\',\'2025-10-20\')', null, false)
 4 SYSTEMPATH\Database\BaseBuilder.php(2230): CodeIgniter\Database\BaseBuilder->batchExecute('_insertBatch', 100)
 5 SYSTEMPATH\Model.php(428): CodeIgniter\Database\BaseBuilder->insertBatch([...], null, 100)
 6 SYSTEMPATH\BaseModel.php(957): CodeIgniter\Model->doInsertBatch([...], null, 100, false)
 7 APPPATH\Controllers\Admin\Kehadiran.php(62): CodeIgniter\BaseModel->insertBatch([...])
 8 SYSTEMPATH\CodeIgniter.php(933): App\Controllers\Admin\Kehadiran->simpan()
 9 SYSTEMPATH\CodeIgniter.php(507): CodeIgniter\CodeIgniter->runController(Object(App\Controllers\Admin\Kehadiran))
10 SYSTEMPATH\CodeIgniter.php(354): CodeIgniter\CodeIgniter->handleRequest(null, Object(Config\Cache), false)
11 SYSTEMPATH\Boot.php(363): CodeIgniter\CodeIgniter->run()
12 SYSTEMPATH\Boot.php(68): CodeIgniter\Boot::runCodeIgniter(Object(CodeIgniter\CodeIgniter))
13 FCPATH\index.php(59): CodeIgniter\Boot::bootWeb(Object(Config\Paths))
14 SYSTEMPATH\rewrite.php(44): require_once('C:\\xampp\\htdocs\\pendaftaran-sanggar\\public\\index.php')
CRITICAL - 2025-10-20 14:18:46 --> [Caused by] mysqli_sql_exception: Cannot add or update a child row: a foreign key constraint fails (`gayatri_art`.`kehadiran`, CONSTRAINT `kehadiran_ibfk_2` FOREIGN KEY (`id_kelas`) REFERENCES `kelas` (`id_kelas`) ON DELETE CASCADE)
in SYSTEMPATH\Database\MySQLi\Connection.php on line 327.
 1 SYSTEMPATH\Database\MySQLi\Connection.php(327): mysqli->query('INSERT INTO `kehadiran` (`id_anggota`, `keterangan`, `status`, `tanggal`)
VALUES (1,\'ijin\',\'tidak Hadir\',\'2025-10-20\'), (4,\'\',\'hadir\',\'2025-10-20\'), (5,\'\',\'hadir\',\'2025-10-20\')', 0)
 2 SYSTEMPATH\Database\BaseConnection.php(729): CodeIgniter\Database\MySQLi\Connection->execute('INSERT INTO `kehadiran` (`id_anggota`, `keterangan`, `status`, `tanggal`)
VALUES (1,\'ijin\',\'tidak Hadir\',\'2025-10-20\'), (4,\'\',\'hadir\',\'2025-10-20\'), (5,\'\',\'hadir\',\'2025-10-20\')')
 3 SYSTEMPATH\Database\BaseConnection.php(646): CodeIgniter\Database\BaseConnection->simpleQuery('INSERT INTO `kehadiran` (`id_anggota`, `keterangan`, `status`, `tanggal`)
VALUES (1,\'ijin\',\'tidak Hadir\',\'2025-10-20\'), (4,\'\',\'hadir\',\'2025-10-20\'), (5,\'\',\'hadir\',\'2025-10-20\')')
 4 SYSTEMPATH\Database\BaseBuilder.php(1841): CodeIgniter\Database\BaseConnection->query('INSERT INTO `kehadiran` (`id_anggota`, `keterangan`, `status`, `tanggal`)
VALUES (1,\'ijin\',\'tidak Hadir\',\'2025-10-20\'), (4,\'\',\'hadir\',\'2025-10-20\'), (5,\'\',\'hadir\',\'2025-10-20\')', null, false)
 5 SYSTEMPATH\Database\BaseBuilder.php(2230): CodeIgniter\Database\BaseBuilder->batchExecute('_insertBatch', 100)
 6 SYSTEMPATH\Model.php(428): CodeIgniter\Database\BaseBuilder->insertBatch([...], null, 100)
 7 SYSTEMPATH\BaseModel.php(957): CodeIgniter\Model->doInsertBatch([...], null, 100, false)
 8 APPPATH\Controllers\Admin\Kehadiran.php(62): CodeIgniter\BaseModel->insertBatch([...])
 9 SYSTEMPATH\CodeIgniter.php(933): App\Controllers\Admin\Kehadiran->simpan()
10 SYSTEMPATH\CodeIgniter.php(507): CodeIgniter\CodeIgniter->runController(Object(App\Controllers\Admin\Kehadiran))
11 SYSTEMPATH\CodeIgniter.php(354): CodeIgniter\CodeIgniter->handleRequest(null, Object(Config\Cache), false)
12 SYSTEMPATH\Boot.php(363): CodeIgniter\CodeIgniter->run()
13 SYSTEMPATH\Boot.php(68): CodeIgniter\Boot::runCodeIgniter(Object(CodeIgniter\CodeIgniter))
14 FCPATH\index.php(59): CodeIgniter\Boot::bootWeb(Object(Config\Paths))
15 SYSTEMPATH\rewrite.php(44): require_once('C:\\xampp\\htdocs\\pendaftaran-sanggar\\public\\index.php')
DEBUG - 2025-10-20 14:18:57 --> Session: Class initialized using 'CodeIgniter\Session\Handlers\FileHandler' driver.
DEBUG - 2025-10-20 14:19:02 --> Session: Class initialized using 'CodeIgniter\Session\Handlers\FileHandler' driver.
DEBUG - 2025-10-20 14:19:05 --> Session: Class initialized using 'CodeIgniter\Session\Handlers\FileHandler' driver.
DEBUG - 2025-10-20 15:23:13 --> Session: Class initialized using 'CodeIgniter\Session\Handlers\FileHandler' driver.
DEBUG - 2025-10-20 15:23:15 --> Session: Class initialized using 'CodeIgniter\Session\Handlers\FileHandler' driver.
DEBUG - 2025-10-20 15:23:18 --> Session: Class initialized using 'CodeIgniter\Session\Handlers\FileHandler' driver.
CRITICAL - 2025-10-20 15:23:18 --> CodeIgniter\View\Exceptions\ViewException: Invalid file: "admin/layout/template.php"
[Method: GET, Route: admin/kehadiran]
in SYSTEMPATH\Exceptions\FrameworkException.php on line 39.
 1 SYSTEMPATH\View\View.php(214): CodeIgniter\Exceptions\FrameworkException::forInvalidFile('admin/layout/template.php')
 2 SYSTEMPATH\View\View.php(242): CodeIgniter\View\View->render('admin/layout/template', [], true)
 3 SYSTEMPATH\Common.php(1167): CodeIgniter\View\View->render('admin/kehadiran/index', [], true)
 4 APPPATH\Controllers\Admin\Kehadiran.php(44): view('admin/kehadiran/index', [...])
 5 SYSTEMPATH\CodeIgniter.php(933): App\Controllers\Admin\Kehadiran->index()
 6 SYSTEMPATH\CodeIgniter.php(507): CodeIgniter\CodeIgniter->runController(Object(App\Controllers\Admin\Kehadiran))
 7 SYSTEMPATH\CodeIgniter.php(354): CodeIgniter\CodeIgniter->handleRequest(null, Object(Config\Cache), false)
 8 SYSTEMPATH\Boot.php(363): CodeIgniter\CodeIgniter->run()
 9 SYSTEMPATH\Boot.php(68): CodeIgniter\Boot::runCodeIgniter(Object(CodeIgniter\CodeIgniter))
10 FCPATH\index.php(59): CodeIgniter\Boot::bootWeb(Object(Config\Paths))
11 SYSTEMPATH\rewrite.php(44): require_once('C:\\xampp\\htdocs\\pendaftaran-sanggar\\public\\index.php')
DEBUG - 2025-10-20 15:24:12 --> Session: Class initialized using 'CodeIgniter\Session\Handlers\FileHandler' driver.
DEBUG - 2025-10-20 15:24:20 --> Session: Class initialized using 'CodeIgniter\Session\Handlers\FileHandler' driver.
DEBUG - 2025-10-20 15:24:36 --> Session: Class initialized using 'CodeIgniter\Session\Handlers\FileHandler' driver.
DEBUG - 2025-10-20 15:26:51 --> Session: Class initialized using 'CodeIgniter\Session\Handlers\FileHandler' driver.
DEBUG - 2025-10-20 15:26:54 --> Session: Class initialized using 'CodeIgniter\Session\Handlers\FileHandler' driver.
DEBUG - 2025-10-20 15:34:24 --> Session: Class initialized using 'CodeIgniter\Session\Handlers\FileHandler' driver.
DEBUG - 2025-10-20 15:34:44 --> Session: Class initialized using 'CodeIgniter\Session\Handlers\FileHandler' driver.
DEBUG - 2025-10-20 15:35:45 --> Session: Class initialized using 'CodeIgniter\Session\Handlers\FileHandler' driver.
DEBUG - 2025-10-20 15:35:45 --> Session: Class initialized using 'CodeIgniter\Session\Handlers\FileHandler' driver.
DEBUG - 2025-10-20 15:58:43 --> Session: Class initialized using 'CodeIgniter\Session\Handlers\FileHandler' driver.
DEBUG - 2025-10-20 15:58:51 --> Session: Class initialized using 'CodeIgniter\Session\Handlers\FileHandler' driver.
DEBUG - 2025-10-20 15:58:51 --> Session: Class initialized using 'CodeIgniter\Session\Handlers\FileHandler' driver.
DEBUG - 2025-10-20 15:58:56 --> Session: Class initialized using 'CodeIgniter\Session\Handlers\FileHandler' driver.
DEBUG - 2025-10-20 15:58:56 --> Session: Class initialized using 'CodeIgniter\Session\Handlers\FileHandler' driver.
DEBUG - 2025-10-20 15:59:00 --> Session: Class initialized using 'CodeIgniter\Session\Handlers\FileHandler' driver.
DEBUG - 2025-10-20 15:59:00 --> Session: Class initialized using 'CodeIgniter\Session\Handlers\FileHandler' driver.
DEBUG - 2025-10-20 15:59:04 --> Session: Class initialized using 'CodeIgniter\Session\Handlers\FileHandler' driver.
DEBUG - 2025-10-20 15:59:05 --> Session: Class initialized using 'CodeIgniter\Session\Handlers\FileHandler' driver.
DEBUG - 2025-10-20 15:59:14 --> Session: Class initialized using 'CodeIgniter\Session\Handlers\FileHandler' driver.
DEBUG - 2025-10-20 16:00:44 --> Session: Class initialized using 'CodeIgniter\Session\Handlers\FileHandler' driver.
DEBUG - 2025-10-20 16:00:45 --> Session: Class initialized using 'CodeIgniter\Session\Handlers\FileHandler' driver.
DEBUG - 2025-10-20 16:01:12 --> Session: Class initialized using 'CodeIgniter\Session\Handlers\FileHandler' driver.
DEBUG - 2025-10-20 16:01:40 --> Session: Class initialized using 'CodeIgniter\Session\Handlers\FileHandler' driver.
DEBUG - 2025-10-20 16:01:43 --> Session: Class initialized using 'CodeIgniter\Session\Handlers\FileHandler' driver.
DEBUG - 2025-10-20 16:01:50 --> Session: Class initialized using 'CodeIgniter\Session\Handlers\FileHandler' driver.
DEBUG - 2025-10-20 16:02:00 --> Session: Class initialized using 'CodeIgniter\Session\Handlers\FileHandler' driver.
DEBUG - 2025-10-20 16:02:03 --> Session: Class initialized using 'CodeIgniter\Session\Handlers\FileHandler' driver.
DEBUG - 2025-10-20 16:02:29 --> Session: Class initialized using 'CodeIgniter\Session\Handlers\FileHandler' driver.
DEBUG - 2025-10-20 16:02:57 --> Session: Class initialized using 'CodeIgniter\Session\Handlers\FileHandler' driver.
DEBUG - 2025-10-20 16:03:05 --> Session: Class initialized using 'CodeIgniter\Session\Handlers\FileHandler' driver.
DEBUG - 2025-10-20 16:03:09 --> Session: Class initialized using 'CodeIgniter\Session\Handlers\FileHandler' driver.
DEBUG - 2025-10-20 16:04:24 --> Session: Class initialized using 'CodeIgniter\Session\Handlers\FileHandler' driver.
DEBUG - 2025-10-20 16:04:25 --> Session: Class initialized using 'CodeIgniter\Session\Handlers\FileHandler' driver.
DEBUG - 2025-10-20 16:04:43 --> Session: Class initialized using 'CodeIgniter\Session\Handlers\FileHandler' driver.
DEBUG - 2025-10-20 16:05:49 --> Session: Class initialized using 'CodeIgniter\Session\Handlers\FileHandler' driver.
DEBUG - 2025-10-20 16:05:49 --> Session: Class initialized using 'CodeIgniter\Session\Handlers\FileHandler' driver.
DEBUG - 2025-10-20 16:05:56 --> Session: Class initialized using 'CodeIgniter\Session\Handlers\FileHandler' driver.
DEBUG - 2025-10-20 16:07:16 --> Session: Class initialized using 'CodeIgniter\Session\Handlers\FileHandler' driver.
DEBUG - 2025-10-20 16:07:17 --> Session: Class initialized using 'CodeIgniter\Session\Handlers\FileHandler' driver.
DEBUG - 2025-10-20 16:10:57 --> Session: Class initialized using 'CodeIgniter\Session\Handlers\FileHandler' driver.
DEBUG - 2025-10-20 16:11:00 --> Session: Class initialized using 'CodeIgniter\Session\Handlers\FileHandler' driver.
DEBUG - 2025-10-20 16:11:20 --> Session: Class initialized using 'CodeIgniter\Session\Handlers\FileHandler' driver.
DEBUG - 2025-10-20 16:11:24 --> Session: Class initialized using 'CodeIgniter\Session\Handlers\FileHandler' driver.
DEBUG - 2025-10-20 16:13:36 --> Session: Class initialized using 'CodeIgniter\Session\Handlers\FileHandler' driver.
