DEBUG - 2025-10-28 14:21:05 --> Session: Class initialized using 'CodeIgniter\Session\Handlers\FileHandler' driver.
DEBUG - 2025-10-28 14:21:12 --> Session: Class initialized using 'CodeIgniter\Session\Handlers\FileHandler' driver.
DEBUG - 2025-10-28 14:21:14 --> Session: Class initialized using 'CodeIgniter\Session\Handlers\FileHandler' driver.
DEBUG - 2025-10-28 14:21:15 --> Session: Class initialized using 'CodeIgniter\Session\Handlers\FileHandler' driver.
DEBUG - 2025-10-28 14:21:18 --> Session: Class initialized using 'CodeIgniter\Session\Handlers\FileHandler' driver.
CRITICAL - 2025-10-28 14:21:23 --> Error: Call to undefined method CodeIgniter\HTTP\Response::setFile()
[Method: GET, Route: uploads/kehadiran/rekap_kehadiran_1_20251026.pdf]
in APPPATH\Config\Routes.php on line 88.
 1 SYSTEMPATH\CodeIgniter.php(875): CodeIgniter\Router\RouteCollection->{closure}('rekap_kehadiran_1_20251026.pdf')
 2 SYSTEMPATH\CodeIgniter.php(494): CodeIgniter\CodeIgniter->startController()
 3 SYSTEMPATH\CodeIgniter.php(354): CodeIgniter\CodeIgniter->handleRequest(null, Object(Config\Cache), false)
 4 SYSTEMPATH\Boot.php(363): CodeIgniter\CodeIgniter->run()
 5 SYSTEMPATH\Boot.php(68): CodeIgniter\Boot::runCodeIgniter(Object(CodeIgniter\CodeIgniter))
 6 FCPATH\index.php(59): CodeIgniter\Boot::bootWeb(Object(Config\Paths))
 7 SYSTEMPATH\rewrite.php(44): require_once('C:\\xampp\\htdocs\\pendaftaran-sanggar\\public\\index.php')
CRITICAL - 2025-10-28 14:21:23 --> Error: Call to undefined method CodeIgniter\HTTP\Response::setFile()
[Method: GET, Route: uploads/kehadiran/rekap_kehadiran_1_20251026.pdf]
in APPPATH\Config\Routes.php on line 88.
 1 SYSTEMPATH\CodeIgniter.php(875): CodeIgniter\Router\RouteCollection->{closure}('rekap_kehadiran_1_20251026.pdf')
 2 SYSTEMPATH\CodeIgniter.php(494): CodeIgniter\CodeIgniter->startController()
 3 SYSTEMPATH\CodeIgniter.php(354): CodeIgniter\CodeIgniter->handleRequest(null, Object(Config\Cache), false)
 4 SYSTEMPATH\Boot.php(363): CodeIgniter\CodeIgniter->run()
 5 SYSTEMPATH\Boot.php(68): CodeIgniter\Boot::runCodeIgniter(Object(CodeIgniter\CodeIgniter))
 6 FCPATH\index.php(59): CodeIgniter\Boot::bootWeb(Object(Config\Paths))
 7 SYSTEMPATH\rewrite.php(44): require_once('C:\\xampp\\htdocs\\pendaftaran-sanggar\\public\\index.php')
CRITICAL - 2025-10-28 14:21:23 --> Error: Call to undefined method CodeIgniter\HTTP\Response::setFile()
[Method: GET, Route: uploads/kehadiran/rekap_kehadiran_1_20251026.pdf]
in APPPATH\Config\Routes.php on line 88.
 1 SYSTEMPATH\CodeIgniter.php(875): CodeIgniter\Router\RouteCollection->{closure}('rekap_kehadiran_1_20251026.pdf')
 2 SYSTEMPATH\CodeIgniter.php(494): CodeIgniter\CodeIgniter->startController()
 3 SYSTEMPATH\CodeIgniter.php(354): CodeIgniter\CodeIgniter->handleRequest(null, Object(Config\Cache), false)
 4 SYSTEMPATH\Boot.php(363): CodeIgniter\CodeIgniter->run()
 5 SYSTEMPATH\Boot.php(68): CodeIgniter\Boot::runCodeIgniter(Object(CodeIgniter\CodeIgniter))
 6 FCPATH\index.php(59): CodeIgniter\Boot::bootWeb(Object(Config\Paths))
 7 SYSTEMPATH\rewrite.php(44): require_once('C:\\xampp\\htdocs\\pendaftaran-sanggar\\public\\index.php')
CRITICAL - 2025-10-28 14:21:24 --> Error: Call to undefined method CodeIgniter\HTTP\Response::setFile()
[Method: GET, Route: uploads/kehadiran/rekap_kehadiran_1_20251026.pdf]
in APPPATH\Config\Routes.php on line 88.
 1 SYSTEMPATH\CodeIgniter.php(875): CodeIgniter\Router\RouteCollection->{closure}('rekap_kehadiran_1_20251026.pdf')
 2 SYSTEMPATH\CodeIgniter.php(494): CodeIgniter\CodeIgniter->startController()
 3 SYSTEMPATH\CodeIgniter.php(354): CodeIgniter\CodeIgniter->handleRequest(null, Object(Config\Cache), false)
 4 SYSTEMPATH\Boot.php(363): CodeIgniter\CodeIgniter->run()
 5 SYSTEMPATH\Boot.php(68): CodeIgniter\Boot::runCodeIgniter(Object(CodeIgniter\CodeIgniter))
 6 FCPATH\index.php(59): CodeIgniter\Boot::bootWeb(Object(Config\Paths))
 7 SYSTEMPATH\rewrite.php(44): require_once('C:\\xampp\\htdocs\\pendaftaran-sanggar\\public\\index.php')
CRITICAL - 2025-10-28 14:21:24 --> Error: Call to undefined method CodeIgniter\HTTP\Response::setFile()
[Method: GET, Route: uploads/kehadiran/rekap_kehadiran_1_20251026.pdf]
in APPPATH\Config\Routes.php on line 88.
 1 SYSTEMPATH\CodeIgniter.php(875): CodeIgniter\Router\RouteCollection->{closure}('rekap_kehadiran_1_20251026.pdf')
 2 SYSTEMPATH\CodeIgniter.php(494): CodeIgniter\CodeIgniter->startController()
 3 SYSTEMPATH\CodeIgniter.php(354): CodeIgniter\CodeIgniter->handleRequest(null, Object(Config\Cache), false)
 4 SYSTEMPATH\Boot.php(363): CodeIgniter\CodeIgniter->run()
 5 SYSTEMPATH\Boot.php(68): CodeIgniter\Boot::runCodeIgniter(Object(CodeIgniter\CodeIgniter))
 6 FCPATH\index.php(59): CodeIgniter\Boot::bootWeb(Object(Config\Paths))
 7 SYSTEMPATH\rewrite.php(44): require_once('C:\\xampp\\htdocs\\pendaftaran-sanggar\\public\\index.php')
DEBUG - 2025-10-28 14:35:41 --> Session: Class initialized using 'CodeIgniter\Session\Handlers\FileHandler' driver.
DEBUG - 2025-10-28 14:35:46 --> Session: Class initialized using 'CodeIgniter\Session\Handlers\FileHandler' driver.
DEBUG - 2025-10-28 14:35:49 --> Session: Class initialized using 'CodeIgniter\Session\Handlers\FileHandler' driver.
DEBUG - 2025-10-28 14:35:52 --> Session: Class initialized using 'CodeIgniter\Session\Handlers\FileHandler' driver.
DEBUG - 2025-10-28 14:35:54 --> Session: Class initialized using 'CodeIgniter\Session\Handlers\FileHandler' driver.
DEBUG - 2025-10-28 14:35:56 --> Session: Class initialized using 'CodeIgniter\Session\Handlers\FileHandler' driver.
DEBUG - 2025-10-28 14:35:58 --> Session: Class initialized using 'CodeIgniter\Session\Handlers\FileHandler' driver.
DEBUG - 2025-10-28 14:36:33 --> Session: Class initialized using 'CodeIgniter\Session\Handlers\FileHandler' driver.
DEBUG - 2025-10-28 14:36:36 --> Session: Class initialized using 'CodeIgniter\Session\Handlers\FileHandler' driver.
DEBUG - 2025-10-28 14:36:40 --> Session: Class initialized using 'CodeIgniter\Session\Handlers\FileHandler' driver.
DEBUG - 2025-10-28 14:36:43 --> Session: Class initialized using 'CodeIgniter\Session\Handlers\FileHandler' driver.
DEBUG - 2025-10-28 14:47:54 --> Session: Class initialized using 'CodeIgniter\Session\Handlers\FileHandler' driver.
DEBUG - 2025-10-28 14:51:49 --> Session: Class initialized using 'CodeIgniter\Session\Handlers\FileHandler' driver.
DEBUG - 2025-10-28 14:52:00 --> Session: Class initialized using 'CodeIgniter\Session\Handlers\FileHandler' driver.
DEBUG - 2025-10-28 14:52:05 --> Session: Class initialized using 'CodeIgniter\Session\Handlers\FileHandler' driver.
DEBUG - 2025-10-28 14:52:09 --> Session: Class initialized using 'CodeIgniter\Session\Handlers\FileHandler' driver.
DEBUG - 2025-10-28 14:52:15 --> Session: Class initialized using 'CodeIgniter\Session\Handlers\FileHandler' driver.
